<?xml version="1.0" encoding="UTF-8"?>
<testsuite name="com.uhsarp.billrive.webservices.rest.UserControllerTest" tests="1" skipped="1" failures="0" errors="0" timestamp="2014-09-08T02:12:33" hostname="trisha" time="0.0">
  <properties/>
  <testcase name="testGetUser" classname="com.uhsarp.billrive.webservices.rest.UserControllerTest" time="0.0">
    <skipped/>
  </testcase>
  <system-out><![CDATA[20:12:33.090 [Test worker] DEBUG o.s.t.c.j.SpringJUnit4ClassRunner - SpringJUnit4ClassRunner constructor called with [class com.uhsarp.billrive.webservices.rest.UserControllerTest].
20:12:33.093 [Test worker] DEBUG o.s.t.c.s.AbstractDelegatingSmartContextLoader - Delegating to AnnotationConfigWebContextLoader to process context configuration [ContextConfigurationAttributes@2d1a8b1 declaringClass = 'com.uhsarp.billrive.webservices.rest.UserControllerTest', classes = '{class com.uhsarp.billrive.spring.BillriveConfigTest, class com.uhsarp.billrive.spring.BillriveJPATest}', locations = '{}', inheritLocations = true, initializers = '{}', inheritInitializers = true, name = [null], contextLoaderClass = 'org.springframework.test.context.ContextLoader'].
20:12:33.093 [Test worker] DEBUG o.s.test.context.ContextLoaderUtils - Could not find an 'annotation declaring class' for annotation type [org.springframework.test.context.ActiveProfiles] and class [com.uhsarp.billrive.webservices.rest.UserControllerTest]
20:12:33.094 [Test worker] DEBUG o.s.t.c.s.AbstractDelegatingSmartContextLoader - Delegating to AnnotationConfigWebContextLoader to process context configuration [ContextConfigurationAttributes@1299fde9 declaringClass = 'com.uhsarp.billrive.webservices.rest.UserControllerTest', classes = '{class com.uhsarp.billrive.spring.BillriveRestServletTest}', locations = '{}', inheritLocations = true, initializers = '{}', inheritInitializers = true, name = [null], contextLoaderClass = 'org.springframework.test.context.ContextLoader'].
20:12:33.094 [Test worker] DEBUG o.s.test.context.ContextLoaderUtils - Could not find an 'annotation declaring class' for annotation type [org.springframework.test.context.ActiveProfiles] and class [com.uhsarp.billrive.webservices.rest.UserControllerTest]
20:12:33.094 [Test worker] DEBUG o.s.test.context.TestContextManager - @TestExecutionListeners is not present for class [com.uhsarp.billrive.webservices.rest.UserControllerTest]: using defaults.
20:12:33.094 [Test worker] DEBUG o.s.t.annotation.ProfileValueUtils - Retrieved @ProfileValueSourceConfiguration [null] for test class [com.uhsarp.billrive.webservices.rest.UserControllerTest]
20:12:33.095 [Test worker] DEBUG o.s.t.annotation.ProfileValueUtils - Retrieved ProfileValueSource type [class org.springframework.test.annotation.SystemProfileValueSource] for class [com.uhsarp.billrive.webservices.rest.UserControllerTest]
20:12:33.095 [Test worker] DEBUG o.s.t.annotation.ProfileValueUtils - Retrieved @ProfileValueSourceConfiguration [null] for test class [com.uhsarp.billrive.webservices.rest.UserControllerTest]
20:12:33.095 [Test worker] DEBUG o.s.t.annotation.ProfileValueUtils - Retrieved ProfileValueSource type [class org.springframework.test.annotation.SystemProfileValueSource] for class [com.uhsarp.billrive.webservices.rest.UserControllerTest]
20:12:33.095 [Test worker] DEBUG o.s.t.annotation.ProfileValueUtils - Retrieved @ProfileValueSourceConfiguration [null] for test class [com.uhsarp.billrive.webservices.rest.UserControllerTest]
20:12:33.095 [Test worker] DEBUG o.s.t.annotation.ProfileValueUtils - Retrieved ProfileValueSource type [class org.springframework.test.annotation.SystemProfileValueSource] for class [com.uhsarp.billrive.webservices.rest.UserControllerTest]
20:12:33.096 [Test worker] DEBUG o.s.t.c.s.DirtiesContextTestExecutionListener - After test class: context [DefaultTestContext@1d6faacd testClass = UserControllerTest, testInstance = [null], testMethod = [null], testException = [null], mergedContextConfiguration = [WebMergedContextConfiguration@e3687d4 testClass = UserControllerTest, locations = '{}', classes = '{class com.uhsarp.billrive.spring.BillriveRestServletTest}', contextInitializerClasses = '[]', activeProfiles = '{}', resourceBasePath = 'src/main/webapp', contextLoader = 'org.springframework.test.context.web.WebDelegatingSmartContextLoader', parent = [WebMergedContextConfiguration@1e0f7696 testClass = UserControllerTest, locations = '{}', classes = '{class com.uhsarp.billrive.spring.BillriveConfigTest, class com.uhsarp.billrive.spring.BillriveJPATest}', contextInitializerClasses = '[]', activeProfiles = '{}', resourceBasePath = 'src/main/webapp', contextLoader = 'org.springframework.test.context.web.WebDelegatingSmartContextLoader', parent = [null]]]], dirtiesContext [false].
]]></system-out>
  <system-err><![CDATA[]]></system-err>
</testsuite>
