<?xml version="1.0" encoding="UTF-8"?>
<testsuite name="com.uhsarp.billrive.dao.framework.impl.UserDAOImplTest" tests="1" skipped="0" failures="0" errors="0" timestamp="2014-09-08T02:12:32" hostname="trisha" time="0.067">
  <properties/>
  <testcase name="testGetUserByUserId" classname="com.uhsarp.billrive.dao.framework.impl.UserDAOImplTest" time="0.067"/>
  <system-out><![CDATA[20:12:32.990 [Test worker] DEBUG o.s.t.c.j.SpringJUnit4ClassRunner - SpringJUnit4ClassRunner constructor called with [class com.uhsarp.billrive.dao.framework.impl.UserDAOImplTest].
20:12:32.991 [Test worker] DEBUG o.s.t.c.s.AbstractDelegatingSmartContextLoader - Delegating to AnnotationConfigContextLoader to process context configuration [ContextConfigurationAttributes@6db051 declaringClass = 'com.uhsarp.billrive.dao.framework.impl.UserDAOImplTest', classes = '{class com.uhsarp.billrive.spring.BillriveConfigTest, class com.uhsarp.billrive.spring.BillriveJPATest}', locations = '{}', inheritLocations = true, initializers = '{}', inheritInitializers = true, name = [null], contextLoaderClass = 'org.springframework.test.context.ContextLoader'].
20:12:32.991 [Test worker] DEBUG o.s.test.context.ContextLoaderUtils - Could not find an 'annotation declaring class' for annotation type [org.springframework.test.context.ActiveProfiles] and class [com.uhsarp.billrive.dao.framework.impl.UserDAOImplTest]
20:12:32.991 [Test worker] DEBUG o.s.test.context.TestContextManager - @TestExecutionListeners is not present for class [com.uhsarp.billrive.dao.framework.impl.UserDAOImplTest]: using defaults.
20:12:32.991 [Test worker] DEBUG o.s.t.annotation.ProfileValueUtils - Retrieved @ProfileValueSourceConfiguration [null] for test class [com.uhsarp.billrive.dao.framework.impl.UserDAOImplTest]
20:12:32.991 [Test worker] DEBUG o.s.t.annotation.ProfileValueUtils - Retrieved ProfileValueSource type [class org.springframework.test.annotation.SystemProfileValueSource] for class [com.uhsarp.billrive.dao.framework.impl.UserDAOImplTest]
20:12:32.991 [Test worker] DEBUG o.s.t.annotation.ProfileValueUtils - Retrieved @ProfileValueSourceConfiguration [null] for test class [com.uhsarp.billrive.dao.framework.impl.UserDAOImplTest]
20:12:32.991 [Test worker] DEBUG o.s.t.annotation.ProfileValueUtils - Retrieved ProfileValueSource type [class org.springframework.test.annotation.SystemProfileValueSource] for class [com.uhsarp.billrive.dao.framework.impl.UserDAOImplTest]
20:12:32.991 [Test worker] DEBUG o.s.t.annotation.ProfileValueUtils - Retrieved @ProfileValueSourceConfiguration [null] for test class [com.uhsarp.billrive.dao.framework.impl.UserDAOImplTest]
20:12:32.991 [Test worker] DEBUG o.s.t.annotation.ProfileValueUtils - Retrieved ProfileValueSource type [class org.springframework.test.annotation.SystemProfileValueSource] for class [com.uhsarp.billrive.dao.framework.impl.UserDAOImplTest]
20:12:32.991 [Test worker] DEBUG o.s.t.annotation.ProfileValueUtils - Retrieved @ProfileValueSourceConfiguration [null] for test class [com.uhsarp.billrive.dao.framework.impl.UserDAOImplTest]
20:12:32.992 [Test worker] DEBUG o.s.t.annotation.ProfileValueUtils - Retrieved ProfileValueSource type [class org.springframework.test.annotation.SystemProfileValueSource] for class [com.uhsarp.billrive.dao.framework.impl.UserDAOImplTest]
20:12:32.992 [Test worker] DEBUG o.s.t.c.s.DependencyInjectionTestExecutionListener - Performing dependency injection for test context [[DefaultTestContext@2152960f testClass = UserDAOImplTest, testInstance = com.uhsarp.billrive.dao.framework.impl.UserDAOImplTest@34f9c3e0, testMethod = [null], testException = [null], mergedContextConfiguration = [MergedContextConfiguration@79aac24b testClass = UserDAOImplTest, locations = '{}', classes = '{class com.uhsarp.billrive.spring.BillriveConfigTest, class com.uhsarp.billrive.spring.BillriveJPATest}', contextInitializerClasses = '[]', activeProfiles = '{}', contextLoader = 'org.springframework.test.context.support.DelegatingSmartContextLoader', parent = [null]]]].
20:12:32.992 [Test worker] DEBUG o.s.t.c.CacheAwareContextLoaderDelegate - Retrieved ApplicationContext from cache with key [[MergedContextConfiguration@79aac24b testClass = UserDAOImplTest, locations = '{}', classes = '{class com.uhsarp.billrive.spring.BillriveConfigTest, class com.uhsarp.billrive.spring.BillriveJPATest}', contextInitializerClasses = '[]', activeProfiles = '{}', contextLoader = 'org.springframework.test.context.support.DelegatingSmartContextLoader', parent = [null]]].
20:12:32.994 [Test worker] DEBUG o.s.b.f.annotation.InjectionMetadata - Processing injected method of bean 'com.uhsarp.billrive.dao.framework.impl.UserDAOImplTest': AutowiredFieldElement for com.uhsarp.billrive.dao.framework.UserDAO com.uhsarp.billrive.dao.framework.impl.UserDAOImplTest.userDao
20:12:32.994 [Test worker] DEBUG o.s.b.f.s.DefaultListableBeanFactory - Returning cached instance of singleton bean 'userDAO'
20:12:32.994 [Test worker] DEBUG o.s.b.f.a.AutowiredAnnotationBeanPostProcessor - Autowiring by type from bean name 'com.uhsarp.billrive.dao.framework.impl.UserDAOImplTest' to bean named 'userDAO'
20:12:32.994 [Test worker] DEBUG o.s.b.f.s.DefaultListableBeanFactory - Returning cached instance of singleton bean 'org.springframework.transaction.config.internalTransactionAdvisor'
getUserByUserId
20:12:32.995 [Test worker] DEBUG o.s.t.a.AnnotationTransactionAttributeSource - Adding transactional method 'UserDAOImpl.getUserByUserId' with attribute: PROPAGATION_REQUIRED,ISOLATION_DEFAULT; ''
20:12:32.995 [Test worker] DEBUG o.s.b.f.s.DefaultListableBeanFactory - Returning cached instance of singleton bean 'transactionManager'
20:12:32.995 [Test worker] DEBUG o.s.orm.jpa.JpaTransactionManager - Creating new transaction with name [com.uhsarp.billrive.dao.framework.impl.UserDAOImpl.getUserByUserId]: PROPAGATION_REQUIRED,ISOLATION_DEFAULT; ''
20:12:32.996 [Test worker] DEBUG o.s.orm.jpa.JpaTransactionManager - Opened new EntityManager [org.hibernate.jpa.internal.EntityManagerImpl@36c7401a] for JPA transaction
20:12:32.996 [Test worker] DEBUG o.h.e.t.spi.AbstractTransactionImpl - begin
20:12:32.996 [Test worker] DEBUG o.h.e.j.i.LogicalConnectionImpl - Obtaining JDBC connection
20:12:32.996 [Test worker] DEBUG o.s.j.d.DriverManagerDataSource - Creating new JDBC DriverManager Connection to [jdbc:mysql://localhost:3306/billrivedbtest]
20:12:33.003 [Test worker] DEBUG o.h.e.j.i.LogicalConnectionImpl - Obtained JDBC connection
20:12:33.004 [Test worker] DEBUG o.h.e.t.i.jdbc.JdbcTransaction - initial autocommit status: true
20:12:33.004 [Test worker] DEBUG o.h.e.t.i.jdbc.JdbcTransaction - disabling autocommit
20:12:33.004 [Test worker] DEBUG o.s.orm.jpa.JpaTransactionManager - Exposing JPA transaction as JDBC transaction [org.springframework.orm.jpa.vendor.HibernateJpaDialect$HibernateConnectionHandle@9f0d8f4]
20:12:33.004 [Test worker] DEBUG o.h.h.i.ast.QueryTranslatorImpl - parse() - HQL: select u from com.uhsarp.billrive.domain.User u  WHERE u.id=6
20:12:33.005 [Test worker] DEBUG o.h.h.i.ast.QueryTranslatorImpl - --- HQL AST ---
 \-[QUERY] Node: 'query'
    +-[SELECT_FROM] Node: 'SELECT_FROM'
    |  +-[FROM] Node: 'from'
    |  |  \-[RANGE] Node: 'RANGE'
    |  |     +-[DOT] Node: '.'
    |  |     |  +-[DOT] Node: '.'
    |  |     |  |  +-[DOT] Node: '.'
    |  |     |  |  |  +-[DOT] Node: '.'
    |  |     |  |  |  |  +-[IDENT] Node: 'com'
    |  |     |  |  |  |  \-[IDENT] Node: 'uhsarp'
    |  |     |  |  |  \-[IDENT] Node: 'billrive'
    |  |     |  |  \-[IDENT] Node: 'domain'
    |  |     |  \-[IDENT] Node: 'User'
    |  |     \-[ALIAS] Node: 'u'
    |  \-[SELECT] Node: 'select'
    |     \-[IDENT] Node: 'u'
    \-[WHERE] Node: 'WHERE'
       \-[EQ] Node: '='
          +-[DOT] Node: '.'
          |  +-[IDENT] Node: 'u'
          |  \-[IDENT] Node: 'id'
          \-[NUM_INT] Node: '6'

20:12:33.006 [Test worker] DEBUG o.h.hql.internal.ast.ErrorCounter - throwQueryException() : no errors
20:12:33.006 [Test worker] DEBUG o.h.h.i.antlr.HqlSqlBaseWalker - select << begin [level=1, statement=select]
20:12:33.006 [Test worker] DEBUG o.h.h.internal.ast.tree.FromElement - FromClause{level=1} : com.uhsarp.billrive.domain.User (u) -> user0_
20:12:33.006 [Test worker] DEBUG o.h.h.i.ast.tree.FromReferenceNode - Resolved : u -> user0_.id
20:12:33.006 [Test worker] DEBUG o.h.h.i.ast.tree.FromReferenceNode - Resolved : u -> user0_.id
20:12:33.007 [Test worker] DEBUG o.h.hql.internal.ast.tree.DotNode - getDataType() : id -> org.hibernate.type.LongType@3637a9c9
20:12:33.007 [Test worker] DEBUG o.h.h.i.ast.tree.FromReferenceNode - Resolved : u.id -> user0_.id
20:12:33.008 [Test worker] DEBUG o.h.h.i.antlr.HqlSqlBaseWalker - select : finishing up [level=1, statement=select]
20:12:33.008 [Test worker] DEBUG o.h.hql.internal.ast.HqlSqlWalker - processQuery() :  ( SELECT ( {select clause} user0_.id ) ( FromClause{level=1} `user` user0_ ) ( WHERE ( = ( user0_.id user0_.id id ) 6 ) ) )
20:12:33.008 [Test worker] DEBUG o.h.h.i.ast.util.JoinProcessor - Using FROM fragment [`user` user0_]
20:12:33.008 [Test worker] DEBUG o.h.h.i.antlr.HqlSqlBaseWalker - select >> end [level=1, statement=select]
20:12:33.009 [Test worker] DEBUG o.h.h.i.ast.QueryTranslatorImpl - --- SQL AST ---
 \-[SELECT] QueryNode: 'SELECT'  querySpaces (`user`)
    +-[SELECT_CLAUSE] SelectClause: '{select clause}'
    |  +-[ALIAS_REF] IdentNode: 'user0_.id as id1_2_' {alias=u, className=com.uhsarp.billrive.domain.User, tableAlias=user0_}
    |  \-[SQL_TOKEN] SqlFragment: 'user0_.email as email2_2_, user0_.enabled as enabled3_2_, user0_.fName as fName4_2_, user0_.lName as lName5_2_, user0_.mName as mName6_2_, user0_.password as password7_2_, user0_.title as title8_2_'
    +-[FROM] FromClause: 'from' FromClause{level=1, fromElementCounter=1, fromElements=1, fromElementByClassAlias=[u], fromElementByTableAlias=[user0_], fromElementsByPath=[], collectionJoinFromElementsByPath=[], impliedElements=[]}
    |  \-[FROM_FRAGMENT] FromElement: '`user` user0_' FromElement{explicit,not a collection join,not a fetch join,fetch non-lazy properties,classAlias=u,role=null,tableName=`user`,tableAlias=user0_,origin=null,columns={,className=com.uhsarp.billrive.domain.User}}
    \-[WHERE] SqlNode: 'WHERE'
       \-[EQ] BinaryLogicOperatorNode: '='
          +-[DOT] DotNode: 'user0_.id' {propertyName=id,dereferenceType=PRIMITIVE,getPropertyPath=id,path=u.id,tableAlias=user0_,className=com.uhsarp.billrive.domain.User,classAlias=u}
          |  +-[ALIAS_REF] IdentNode: 'user0_.id' {alias=u, className=com.uhsarp.billrive.domain.User, tableAlias=user0_}
          |  \-[IDENT] IdentNode: 'id' {originalText=id}
          \-[NUM_INT] LiteralNode: '6'

20:12:33.009 [Test worker] DEBUG o.h.hql.internal.ast.ErrorCounter - throwQueryException() : no errors
20:12:33.009 [Test worker] DEBUG o.h.h.i.ast.QueryTranslatorImpl - HQL: select u from com.uhsarp.billrive.domain.User u  WHERE u.id=6
20:12:33.009 [Test worker] DEBUG o.h.h.i.ast.QueryTranslatorImpl - SQL: select user0_.id as id1_2_, user0_.email as email2_2_, user0_.enabled as enabled3_2_, user0_.fName as fName4_2_, user0_.lName as lName5_2_, user0_.mName as mName6_2_, user0_.password as password7_2_, user0_.title as title8_2_ from `user` user0_ where user0_.id=6
20:12:33.009 [Test worker] DEBUG o.h.hql.internal.ast.ErrorCounter - throwQueryException() : no errors
20:12:33.009 [Test worker] DEBUG org.hibernate.SQL - select user0_.id as id1_2_, user0_.email as email2_2_, user0_.enabled as enabled3_2_, user0_.fName as fName4_2_, user0_.lName as lName5_2_, user0_.mName as mName6_2_, user0_.password as password7_2_, user0_.title as title8_2_ from `user` user0_ where user0_.id=6
20:12:33.010 [Test worker] DEBUG org.hibernate.loader.Loader - Result set row: 0
20:12:33.010 [Test worker] DEBUG org.hibernate.loader.Loader - Result row: EntityKey[com.uhsarp.billrive.domain.User#6]
20:12:33.011 [Test worker] DEBUG o.h.engine.internal.TwoPhaseLoad - Resolving associations for [com.uhsarp.billrive.domain.User#6]
20:12:33.011 [Test worker] DEBUG o.h.engine.internal.TwoPhaseLoad - Done materializing entity [com.uhsarp.billrive.domain.User#6]
20:12:33.012 [Test worker] DEBUG o.h.l.c.p.AbstractLoadPlanBasedCollectionInitializer - Loading collection: [com.uhsarp.billrive.domain.User.groups#6]
20:12:33.012 [Test worker] DEBUG org.hibernate.SQL - select groups0_.user_id as user_id2_2_0_, groups0_.groups_id as groups_i1_10_0_, group1_.id as id1_0_1_, group1_.description as descript2_0_1_, group1_.isActive as isActive3_0_1_, group1_.name as name4_0_1_, group1_.ownerId as ownerId5_0_1_ from usergroupmap groups0_ inner join `groups` group1_ on groups0_.groups_id=group1_.id where groups0_.user_id=?
20:12:33.012 [Test worker] DEBUG o.h.l.p.e.p.i.ResultSetProcessorImpl - Preparing collection intializer : [com.uhsarp.billrive.domain.User.groups#6]
20:12:33.013 [Test worker] DEBUG o.h.l.p.e.p.i.ResultSetProcessorImpl - Starting ResultSet row #0
20:12:33.013 [Test worker] DEBUG o.h.l.p.e.p.i.CollectionReferenceInitializerImpl - Found row of collection: [com.uhsarp.billrive.domain.User.groups#6]
20:12:33.013 [Test worker] DEBUG o.h.l.p.e.p.i.ResultSetProcessorImpl - Starting ResultSet row #1
20:12:33.013 [Test worker] DEBUG o.h.l.p.e.p.i.CollectionReferenceInitializerImpl - Found row of collection: [com.uhsarp.billrive.domain.User.groups#6]
20:12:33.013 [Test worker] DEBUG o.h.l.p.e.p.i.ResultSetProcessorImpl - Starting ResultSet row #2
20:12:33.013 [Test worker] DEBUG o.h.l.p.e.p.i.CollectionReferenceInitializerImpl - Found row of collection: [com.uhsarp.billrive.domain.User.groups#6]
20:12:33.013 [Test worker] DEBUG o.h.engine.internal.TwoPhaseLoad - Resolving associations for [com.uhsarp.billrive.domain.Group#3]
20:12:33.014 [Test worker] DEBUG o.h.engine.internal.TwoPhaseLoad - Done materializing entity [com.uhsarp.billrive.domain.Group#3]
20:12:33.014 [Test worker] DEBUG o.h.engine.internal.TwoPhaseLoad - Resolving associations for [com.uhsarp.billrive.domain.Group#4]
20:12:33.014 [Test worker] DEBUG o.h.engine.internal.TwoPhaseLoad - Done materializing entity [com.uhsarp.billrive.domain.Group#4]
20:12:33.014 [Test worker] DEBUG o.h.engine.internal.TwoPhaseLoad - Resolving associations for [com.uhsarp.billrive.domain.Group#5]
20:12:33.014 [Test worker] DEBUG o.h.engine.internal.TwoPhaseLoad - Done materializing entity [com.uhsarp.billrive.domain.Group#5]
20:12:33.014 [Test worker] DEBUG o.h.e.l.i.CollectionLoadContext - 1 collections were found in result set for role: com.uhsarp.billrive.domain.User.groups
20:12:33.014 [Test worker] DEBUG o.h.e.l.i.CollectionLoadContext - Collection fully initialized: [com.uhsarp.billrive.domain.User.groups#6]
20:12:33.014 [Test worker] DEBUG o.h.e.l.i.CollectionLoadContext - 1 collections initialized for role: com.uhsarp.billrive.domain.User.groups
20:12:33.015 [Test worker] DEBUG o.h.l.c.p.AbstractLoadPlanBasedCollectionInitializer - Done loading collection
20:12:33.015 [Test worker] DEBUG o.h.l.c.p.AbstractLoadPlanBasedCollectionInitializer - Loading collection: [com.uhsarp.billrive.domain.Group.users#5]
20:12:33.015 [Test worker] DEBUG org.hibernate.SQL - select users0_.groups_id as groups_i1_0_0_, users0_.user_id as user_id2_10_0_, friend1_.id as id1_2_1_, friend1_.email as email2_2_1_, friend1_.fName as fName4_2_1_, friend1_.lName as lName5_2_1_, friend1_.mName as mName6_2_1_, friend1_.title as title8_2_1_ from usergroupmap users0_ inner join `user` friend1_ on users0_.user_id=friend1_.id where users0_.groups_id=?
20:12:33.015 [Test worker] DEBUG o.h.l.p.e.p.i.ResultSetProcessorImpl - Preparing collection intializer : [com.uhsarp.billrive.domain.Group.users#5]
20:12:33.016 [Test worker] DEBUG o.h.l.p.e.p.i.ResultSetProcessorImpl - Starting ResultSet row #0
20:12:33.016 [Test worker] DEBUG o.h.l.p.e.p.i.CollectionReferenceInitializerImpl - Found row of collection: [com.uhsarp.billrive.domain.Group.users#5]
20:12:33.016 [Test worker] DEBUG o.h.l.p.e.p.i.ResultSetProcessorImpl - Starting ResultSet row #1
20:12:33.016 [Test worker] DEBUG o.h.l.p.e.p.i.CollectionReferenceInitializerImpl - Found row of collection: [com.uhsarp.billrive.domain.Group.users#5]
20:12:33.016 [Test worker] DEBUG o.h.engine.internal.TwoPhaseLoad - Resolving associations for [com.uhsarp.billrive.domain.Friend#6]
20:12:33.016 [Test worker] DEBUG o.h.engine.internal.TwoPhaseLoad - Done materializing entity [com.uhsarp.billrive.domain.Friend#6]
20:12:33.016 [Test worker] DEBUG o.h.engine.internal.TwoPhaseLoad - Resolving associations for [com.uhsarp.billrive.domain.Friend#8]
20:12:33.016 [Test worker] DEBUG o.h.engine.internal.TwoPhaseLoad - Done materializing entity [com.uhsarp.billrive.domain.Friend#8]
20:12:33.016 [Test worker] DEBUG o.h.e.l.i.CollectionLoadContext - 1 collections were found in result set for role: com.uhsarp.billrive.domain.Group.users
20:12:33.016 [Test worker] DEBUG o.h.e.l.i.CollectionLoadContext - Collection fully initialized: [com.uhsarp.billrive.domain.Group.users#5]
20:12:33.016 [Test worker] DEBUG o.h.e.l.i.CollectionLoadContext - 1 collections initialized for role: com.uhsarp.billrive.domain.Group.users
20:12:33.017 [Test worker] DEBUG o.h.l.c.p.AbstractLoadPlanBasedCollectionInitializer - Done loading collection
20:12:33.017 [Test worker] DEBUG o.h.l.c.p.AbstractLoadPlanBasedCollectionInitializer - Loading collection: [com.uhsarp.billrive.domain.Group.payments#5]
20:12:33.017 [Test worker] DEBUG org.hibernate.SQL - select payments0_.groupId as groupId2_0_0_, payments0_.id as id1_1_0_, payments0_.id as id1_1_1_, payments0_.groupId as groupId2_1_1_, payments0_.notes as notes3_1_1_, payments0_.paidAmount as paidAmou4_1_1_, payments0_.payDate as payDate5_1_1_, payments0_.payerId as payerId6_1_1_, payments0_.receiverId as receiver7_1_1_ from `payment` payments0_ where payments0_.groupId=?
20:12:33.017 [Test worker] DEBUG o.h.l.p.e.p.i.ResultSetProcessorImpl - Preparing collection intializer : [com.uhsarp.billrive.domain.Group.payments#5]
20:12:33.018 [Test worker] DEBUG o.h.e.l.i.CollectionLoadContext - 1 collections were found in result set for role: com.uhsarp.billrive.domain.Group.payments
20:12:33.018 [Test worker] DEBUG o.h.e.l.i.CollectionLoadContext - Collection fully initialized: [com.uhsarp.billrive.domain.Group.payments#5]
20:12:33.018 [Test worker] DEBUG o.h.e.l.i.CollectionLoadContext - 1 collections initialized for role: com.uhsarp.billrive.domain.Group.payments
20:12:33.018 [Test worker] DEBUG o.h.l.c.p.AbstractLoadPlanBasedCollectionInitializer - Done loading collection
20:12:33.018 [Test worker] DEBUG o.h.l.c.p.AbstractLoadPlanBasedCollectionInitializer - Loading collection: [com.uhsarp.billrive.domain.Group.bills#5]
20:12:33.018 [Test worker] DEBUG org.hibernate.SQL - select bills0_.groupId as groupId6_0_0_, bills0_.id as id1_4_0_, bills0_.id as id1_4_1_, bills0_.billCreaterId as billCrea2_4_1_, bills0_.billDate as billDate3_4_1_, bills0_.billPayerId as billPaye4_4_1_, bills0_.billSimpleEntryId as billSimp9_4_1_, bills0_.billTotal as billTota5_4_1_, bills0_.groupId as groupId6_4_1_, bills0_.notes as notes7_4_1_, bills0_.title as title8_4_1_, billsimple1_.id as id1_6_2_, billsimple1_.itemDescription as itemDesc2_6_2_ from bill bills0_ left outer join billsimpleentry billsimple1_ on bills0_.billSimpleEntryId=billsimple1_.id where bills0_.groupId=?
20:12:33.019 [Test worker] DEBUG o.h.l.p.e.p.i.ResultSetProcessorImpl - Preparing collection intializer : [com.uhsarp.billrive.domain.Group.bills#5]
20:12:33.019 [Test worker] DEBUG o.h.e.l.i.CollectionLoadContext - 1 collections were found in result set for role: com.uhsarp.billrive.domain.Group.bills
20:12:33.019 [Test worker] DEBUG o.h.e.l.i.CollectionLoadContext - Collection fully initialized: [com.uhsarp.billrive.domain.Group.bills#5]
20:12:33.019 [Test worker] DEBUG o.h.e.l.i.CollectionLoadContext - 1 collections initialized for role: com.uhsarp.billrive.domain.Group.bills
20:12:33.019 [Test worker] DEBUG o.h.l.c.p.AbstractLoadPlanBasedCollectionInitializer - Done loading collection
20:12:33.019 [Test worker] DEBUG o.h.l.c.p.AbstractLoadPlanBasedCollectionInitializer - Loading collection: [com.uhsarp.billrive.domain.Group.users#4]
20:12:33.019 [Test worker] DEBUG org.hibernate.SQL - select users0_.groups_id as groups_i1_0_0_, users0_.user_id as user_id2_10_0_, friend1_.id as id1_2_1_, friend1_.email as email2_2_1_, friend1_.fName as fName4_2_1_, friend1_.lName as lName5_2_1_, friend1_.mName as mName6_2_1_, friend1_.title as title8_2_1_ from usergroupmap users0_ inner join `user` friend1_ on users0_.user_id=friend1_.id where users0_.groups_id=?
20:12:33.020 [Test worker] DEBUG o.h.l.p.e.p.i.ResultSetProcessorImpl - Preparing collection intializer : [com.uhsarp.billrive.domain.Group.users#4]
20:12:33.020 [Test worker] DEBUG o.h.l.p.e.p.i.ResultSetProcessorImpl - Starting ResultSet row #0
20:12:33.020 [Test worker] DEBUG o.h.l.p.e.p.i.CollectionReferenceInitializerImpl - Found row of collection: [com.uhsarp.billrive.domain.Group.users#4]
20:12:33.020 [Test worker] DEBUG o.h.l.p.e.p.i.ResultSetProcessorImpl - Starting ResultSet row #1
20:12:33.021 [Test worker] DEBUG o.h.l.p.e.p.i.CollectionReferenceInitializerImpl - Found row of collection: [com.uhsarp.billrive.domain.Group.users#4]
20:12:33.021 [Test worker] DEBUG o.h.engine.internal.TwoPhaseLoad - Resolving associations for [com.uhsarp.billrive.domain.Friend#7]
20:12:33.021 [Test worker] DEBUG o.h.engine.internal.TwoPhaseLoad - Done materializing entity [com.uhsarp.billrive.domain.Friend#7]
20:12:33.021 [Test worker] DEBUG o.h.e.l.i.CollectionLoadContext - 1 collections were found in result set for role: com.uhsarp.billrive.domain.Group.users
20:12:33.021 [Test worker] DEBUG o.h.e.l.i.CollectionLoadContext - Collection fully initialized: [com.uhsarp.billrive.domain.Group.users#4]
20:12:33.021 [Test worker] DEBUG o.h.e.l.i.CollectionLoadContext - 1 collections initialized for role: com.uhsarp.billrive.domain.Group.users
20:12:33.021 [Test worker] DEBUG o.h.l.c.p.AbstractLoadPlanBasedCollectionInitializer - Done loading collection
20:12:33.021 [Test worker] DEBUG o.h.l.c.p.AbstractLoadPlanBasedCollectionInitializer - Loading collection: [com.uhsarp.billrive.domain.Group.payments#4]
20:12:33.022 [Test worker] DEBUG org.hibernate.SQL - select payments0_.groupId as groupId2_0_0_, payments0_.id as id1_1_0_, payments0_.id as id1_1_1_, payments0_.groupId as groupId2_1_1_, payments0_.notes as notes3_1_1_, payments0_.paidAmount as paidAmou4_1_1_, payments0_.payDate as payDate5_1_1_, payments0_.payerId as payerId6_1_1_, payments0_.receiverId as receiver7_1_1_ from `payment` payments0_ where payments0_.groupId=?
20:12:33.022 [Test worker] DEBUG o.h.l.p.e.p.i.ResultSetProcessorImpl - Preparing collection intializer : [com.uhsarp.billrive.domain.Group.payments#4]
20:12:33.022 [Test worker] DEBUG o.h.e.l.i.CollectionLoadContext - 1 collections were found in result set for role: com.uhsarp.billrive.domain.Group.payments
20:12:33.022 [Test worker] DEBUG o.h.e.l.i.CollectionLoadContext - Collection fully initialized: [com.uhsarp.billrive.domain.Group.payments#4]
20:12:33.022 [Test worker] DEBUG o.h.e.l.i.CollectionLoadContext - 1 collections initialized for role: com.uhsarp.billrive.domain.Group.payments
20:12:33.023 [Test worker] DEBUG o.h.l.c.p.AbstractLoadPlanBasedCollectionInitializer - Done loading collection
20:12:33.023 [Test worker] DEBUG o.h.l.c.p.AbstractLoadPlanBasedCollectionInitializer - Loading collection: [com.uhsarp.billrive.domain.Group.bills#4]
20:12:33.023 [Test worker] DEBUG org.hibernate.SQL - select bills0_.groupId as groupId6_0_0_, bills0_.id as id1_4_0_, bills0_.id as id1_4_1_, bills0_.billCreaterId as billCrea2_4_1_, bills0_.billDate as billDate3_4_1_, bills0_.billPayerId as billPaye4_4_1_, bills0_.billSimpleEntryId as billSimp9_4_1_, bills0_.billTotal as billTota5_4_1_, bills0_.groupId as groupId6_4_1_, bills0_.notes as notes7_4_1_, bills0_.title as title8_4_1_, billsimple1_.id as id1_6_2_, billsimple1_.itemDescription as itemDesc2_6_2_ from bill bills0_ left outer join billsimpleentry billsimple1_ on bills0_.billSimpleEntryId=billsimple1_.id where bills0_.groupId=?
20:12:33.023 [Test worker] DEBUG o.h.l.p.e.p.i.ResultSetProcessorImpl - Preparing collection intializer : [com.uhsarp.billrive.domain.Group.bills#4]
20:12:33.024 [Test worker] DEBUG o.h.l.p.e.p.i.ResultSetProcessorImpl - Starting ResultSet row #0
20:12:33.024 [Test worker] DEBUG o.h.l.p.e.p.i.CollectionReferenceInitializerImpl - Found row of collection: [com.uhsarp.billrive.domain.Group.bills#4]
20:12:33.024 [Test worker] DEBUG o.h.engine.internal.TwoPhaseLoad - Resolving associations for [com.uhsarp.billrive.domain.Bill#5]
20:12:33.024 [Test worker] DEBUG o.h.engine.internal.TwoPhaseLoad - Done materializing entity [com.uhsarp.billrive.domain.Bill#5]
20:12:33.024 [Test worker] DEBUG o.h.engine.internal.TwoPhaseLoad - Resolving associations for [com.uhsarp.billrive.domain.BillSimpleEntry#5]
20:12:33.024 [Test worker] DEBUG o.h.engine.internal.TwoPhaseLoad - Done materializing entity [com.uhsarp.billrive.domain.BillSimpleEntry#5]
20:12:33.024 [Test worker] DEBUG o.h.e.l.i.CollectionLoadContext - 1 collections were found in result set for role: com.uhsarp.billrive.domain.Group.bills
20:12:33.025 [Test worker] DEBUG o.h.e.l.i.CollectionLoadContext - Collection fully initialized: [com.uhsarp.billrive.domain.Group.bills#4]
20:12:33.025 [Test worker] DEBUG o.h.e.l.i.CollectionLoadContext - 1 collections initialized for role: com.uhsarp.billrive.domain.Group.bills
20:12:33.025 [Test worker] DEBUG o.h.l.c.p.AbstractLoadPlanBasedCollectionInitializer - Done loading collection
20:12:33.025 [Test worker] DEBUG o.h.l.c.p.AbstractLoadPlanBasedCollectionInitializer - Loading collection: [com.uhsarp.billrive.domain.BillSimpleEntry.simpleUserIdAndLiableCost#5]
20:12:33.025 [Test worker] DEBUG org.hibernate.SQL - select simpleuser0_.billSimpleEntryId as billSimp2_6_0_, simpleuser0_.id as id1_7_0_, simpleuser0_.id as id1_7_1_, simpleuser0_.billSimpleEntryId as billSimp2_7_1_, simpleuser0_.isActive as isActive3_7_1_, simpleuser0_.liableCost as liableCo4_7_1_, simpleuser0_.liableCostDiff as liableCo5_7_1_, simpleuser0_.userId as userId6_7_1_, userbare1_.id as id1_2_2_, userbare1_.fName as fName4_2_2_, userbare1_.lName as lName5_2_2_ from simpleuseridandliablecost simpleuser0_ left outer join `user` userbare1_ on simpleuser0_.userId=userbare1_.id where simpleuser0_.billSimpleEntryId=?
20:12:33.026 [Test worker] DEBUG o.h.l.p.e.p.i.ResultSetProcessorImpl - Preparing collection intializer : [com.uhsarp.billrive.domain.BillSimpleEntry.simpleUserIdAndLiableCost#5]
20:12:33.026 [Test worker] DEBUG o.h.e.l.i.CollectionLoadContext - 1 collections were found in result set for role: com.uhsarp.billrive.domain.BillSimpleEntry.simpleUserIdAndLiableCost
20:12:33.026 [Test worker] DEBUG o.h.e.l.i.CollectionLoadContext - Collection fully initialized: [com.uhsarp.billrive.domain.BillSimpleEntry.simpleUserIdAndLiableCost#5]
20:12:33.026 [Test worker] DEBUG o.h.e.l.i.CollectionLoadContext - 1 collections initialized for role: com.uhsarp.billrive.domain.BillSimpleEntry.simpleUserIdAndLiableCost
20:12:33.026 [Test worker] DEBUG o.h.l.c.p.AbstractLoadPlanBasedCollectionInitializer - Done loading collection
20:12:33.026 [Test worker] DEBUG o.h.l.c.p.AbstractLoadPlanBasedCollectionInitializer - Loading collection: [com.uhsarp.billrive.domain.Bill.billItemEntry#5]
20:12:33.026 [Test worker] DEBUG org.hibernate.SQL - select billitemen0_.billId as billId2_4_0_, billitemen0_.id as id1_5_0_, billitemen0_.id as id1_5_1_, billitemen0_.billId as billId2_5_1_, billitemen0_.itemDescription as itemDesc3_5_1_ from billitementry billitemen0_ where billitemen0_.billId=?
20:12:33.027 [Test worker] DEBUG o.h.l.p.e.p.i.ResultSetProcessorImpl - Preparing collection intializer : [com.uhsarp.billrive.domain.Bill.billItemEntry#5]
20:12:33.027 [Test worker] DEBUG o.h.e.l.i.CollectionLoadContext - 1 collections were found in result set for role: com.uhsarp.billrive.domain.Bill.billItemEntry
20:12:33.027 [Test worker] DEBUG o.h.e.l.i.CollectionLoadContext - Collection fully initialized: [com.uhsarp.billrive.domain.Bill.billItemEntry#5]
20:12:33.027 [Test worker] DEBUG o.h.e.l.i.CollectionLoadContext - 1 collections initialized for role: com.uhsarp.billrive.domain.Bill.billItemEntry
20:12:33.027 [Test worker] DEBUG o.h.l.c.p.AbstractLoadPlanBasedCollectionInitializer - Done loading collection
20:12:33.027 [Test worker] DEBUG o.h.l.c.p.AbstractLoadPlanBasedCollectionInitializer - Loading collection: [com.uhsarp.billrive.domain.Group.users#3]
20:12:33.027 [Test worker] DEBUG org.hibernate.SQL - select users0_.groups_id as groups_i1_0_0_, users0_.user_id as user_id2_10_0_, friend1_.id as id1_2_1_, friend1_.email as email2_2_1_, friend1_.fName as fName4_2_1_, friend1_.lName as lName5_2_1_, friend1_.mName as mName6_2_1_, friend1_.title as title8_2_1_ from usergroupmap users0_ inner join `user` friend1_ on users0_.user_id=friend1_.id where users0_.groups_id=?
20:12:33.028 [Test worker] DEBUG o.h.l.p.e.p.i.ResultSetProcessorImpl - Preparing collection intializer : [com.uhsarp.billrive.domain.Group.users#3]
20:12:33.028 [Test worker] DEBUG o.h.l.p.e.p.i.ResultSetProcessorImpl - Starting ResultSet row #0
20:12:33.028 [Test worker] DEBUG o.h.l.p.e.p.i.CollectionReferenceInitializerImpl - Found row of collection: [com.uhsarp.billrive.domain.Group.users#3]
20:12:33.028 [Test worker] DEBUG o.h.l.p.e.p.i.ResultSetProcessorImpl - Starting ResultSet row #1
20:12:33.028 [Test worker] DEBUG o.h.l.p.e.p.i.CollectionReferenceInitializerImpl - Found row of collection: [com.uhsarp.billrive.domain.Group.users#3]
20:12:33.028 [Test worker] DEBUG o.h.l.p.e.p.i.ResultSetProcessorImpl - Starting ResultSet row #2
20:12:33.029 [Test worker] DEBUG o.h.l.p.e.p.i.CollectionReferenceInitializerImpl - Found row of collection: [com.uhsarp.billrive.domain.Group.users#3]
20:12:33.029 [Test worker] DEBUG o.h.e.l.i.CollectionLoadContext - 1 collections were found in result set for role: com.uhsarp.billrive.domain.Group.users
20:12:33.029 [Test worker] DEBUG o.h.e.l.i.CollectionLoadContext - Collection fully initialized: [com.uhsarp.billrive.domain.Group.users#3]
20:12:33.029 [Test worker] DEBUG o.h.e.l.i.CollectionLoadContext - 1 collections initialized for role: com.uhsarp.billrive.domain.Group.users
20:12:33.029 [Test worker] DEBUG o.h.l.c.p.AbstractLoadPlanBasedCollectionInitializer - Done loading collection
20:12:33.029 [Test worker] DEBUG o.h.l.c.p.AbstractLoadPlanBasedCollectionInitializer - Loading collection: [com.uhsarp.billrive.domain.Group.payments#3]
20:12:33.029 [Test worker] DEBUG org.hibernate.SQL - select payments0_.groupId as groupId2_0_0_, payments0_.id as id1_1_0_, payments0_.id as id1_1_1_, payments0_.groupId as groupId2_1_1_, payments0_.notes as notes3_1_1_, payments0_.paidAmount as paidAmou4_1_1_, payments0_.payDate as payDate5_1_1_, payments0_.payerId as payerId6_1_1_, payments0_.receiverId as receiver7_1_1_ from `payment` payments0_ where payments0_.groupId=?
20:12:33.030 [Test worker] DEBUG o.h.l.p.e.p.i.ResultSetProcessorImpl - Preparing collection intializer : [com.uhsarp.billrive.domain.Group.payments#3]
20:12:33.030 [Test worker] DEBUG o.h.l.p.e.p.i.ResultSetProcessorImpl - Starting ResultSet row #0
20:12:33.030 [Test worker] DEBUG o.h.l.p.e.p.i.CollectionReferenceInitializerImpl - Found row of collection: [com.uhsarp.billrive.domain.Group.payments#3]
20:12:33.030 [Test worker] DEBUG o.h.l.p.e.p.i.ResultSetProcessorImpl - Starting ResultSet row #1
20:12:33.030 [Test worker] DEBUG o.h.l.p.e.p.i.CollectionReferenceInitializerImpl - Found row of collection: [com.uhsarp.billrive.domain.Group.payments#3]
20:12:33.030 [Test worker] DEBUG o.h.l.p.e.p.i.ResultSetProcessorImpl - Starting ResultSet row #2
20:12:33.031 [Test worker] DEBUG o.h.l.p.e.p.i.CollectionReferenceInitializerImpl - Found row of collection: [com.uhsarp.billrive.domain.Group.payments#3]
20:12:33.031 [Test worker] DEBUG o.h.engine.internal.TwoPhaseLoad - Resolving associations for [com.uhsarp.billrive.domain.Payment#1]
20:12:33.031 [Test worker] DEBUG o.h.engine.internal.TwoPhaseLoad - Done materializing entity [com.uhsarp.billrive.domain.Payment#1]
20:12:33.031 [Test worker] DEBUG o.h.engine.internal.TwoPhaseLoad - Resolving associations for [com.uhsarp.billrive.domain.Payment#2]
20:12:33.031 [Test worker] DEBUG o.h.engine.internal.TwoPhaseLoad - Done materializing entity [com.uhsarp.billrive.domain.Payment#2]
20:12:33.031 [Test worker] DEBUG o.h.engine.internal.TwoPhaseLoad - Resolving associations for [com.uhsarp.billrive.domain.Payment#3]
20:12:33.031 [Test worker] DEBUG o.h.engine.internal.TwoPhaseLoad - Done materializing entity [com.uhsarp.billrive.domain.Payment#3]
20:12:33.031 [Test worker] DEBUG o.h.e.l.i.CollectionLoadContext - 1 collections were found in result set for role: com.uhsarp.billrive.domain.Group.payments
20:12:33.031 [Test worker] DEBUG o.h.e.l.i.CollectionLoadContext - Collection fully initialized: [com.uhsarp.billrive.domain.Group.payments#3]
20:12:33.031 [Test worker] DEBUG o.h.e.l.i.CollectionLoadContext - 1 collections initialized for role: com.uhsarp.billrive.domain.Group.payments
20:12:33.032 [Test worker] DEBUG o.h.l.c.p.AbstractLoadPlanBasedCollectionInitializer - Done loading collection
20:12:33.032 [Test worker] DEBUG o.h.l.c.p.AbstractLoadPlanBasedCollectionInitializer - Loading collection: [com.uhsarp.billrive.domain.Group.bills#3]
20:12:33.032 [Test worker] DEBUG org.hibernate.SQL - select bills0_.groupId as groupId6_0_0_, bills0_.id as id1_4_0_, bills0_.id as id1_4_1_, bills0_.billCreaterId as billCrea2_4_1_, bills0_.billDate as billDate3_4_1_, bills0_.billPayerId as billPaye4_4_1_, bills0_.billSimpleEntryId as billSimp9_4_1_, bills0_.billTotal as billTota5_4_1_, bills0_.groupId as groupId6_4_1_, bills0_.notes as notes7_4_1_, bills0_.title as title8_4_1_, billsimple1_.id as id1_6_2_, billsimple1_.itemDescription as itemDesc2_6_2_ from bill bills0_ left outer join billsimpleentry billsimple1_ on bills0_.billSimpleEntryId=billsimple1_.id where bills0_.groupId=?
20:12:33.032 [Test worker] DEBUG o.h.l.p.e.p.i.ResultSetProcessorImpl - Preparing collection intializer : [com.uhsarp.billrive.domain.Group.bills#3]
20:12:33.032 [Test worker] DEBUG o.h.l.p.e.p.i.ResultSetProcessorImpl - Starting ResultSet row #0
20:12:33.033 [Test worker] DEBUG o.h.l.p.e.p.i.CollectionReferenceInitializerImpl - Found row of collection: [com.uhsarp.billrive.domain.Group.bills#3]
20:12:33.033 [Test worker] DEBUG o.h.l.p.e.p.i.ResultSetProcessorImpl - Starting ResultSet row #1
20:12:33.033 [Test worker] DEBUG o.h.l.p.e.p.i.CollectionReferenceInitializerImpl - Found row of collection: [com.uhsarp.billrive.domain.Group.bills#3]
20:12:33.033 [Test worker] DEBUG o.h.l.p.e.p.i.ResultSetProcessorImpl - Starting ResultSet row #2
20:12:33.033 [Test worker] DEBUG o.h.l.p.e.p.i.CollectionReferenceInitializerImpl - Found row of collection: [com.uhsarp.billrive.domain.Group.bills#3]
20:12:33.033 [Test worker] DEBUG o.h.engine.internal.TwoPhaseLoad - Resolving associations for [com.uhsarp.billrive.domain.Bill#30]
20:12:33.034 [Test worker] DEBUG o.h.engine.internal.TwoPhaseLoad - Done materializing entity [com.uhsarp.billrive.domain.Bill#30]
20:12:33.034 [Test worker] DEBUG o.h.engine.internal.TwoPhaseLoad - Resolving associations for [com.uhsarp.billrive.domain.BillSimpleEntry#23]
20:12:33.034 [Test worker] DEBUG o.h.engine.internal.TwoPhaseLoad - Done materializing entity [com.uhsarp.billrive.domain.BillSimpleEntry#23]
20:12:33.034 [Test worker] DEBUG o.h.engine.internal.TwoPhaseLoad - Resolving associations for [com.uhsarp.billrive.domain.Bill#35]
20:12:33.034 [Test worker] DEBUG o.h.engine.internal.TwoPhaseLoad - Done materializing entity [com.uhsarp.billrive.domain.Bill#35]
20:12:33.034 [Test worker] DEBUG o.h.engine.internal.TwoPhaseLoad - Resolving associations for [com.uhsarp.billrive.domain.BillSimpleEntry#28]
20:12:33.034 [Test worker] DEBUG o.h.engine.internal.TwoPhaseLoad - Done materializing entity [com.uhsarp.billrive.domain.BillSimpleEntry#28]
20:12:33.034 [Test worker] DEBUG o.h.engine.internal.TwoPhaseLoad - Resolving associations for [com.uhsarp.billrive.domain.Bill#36]
20:12:33.034 [Test worker] DEBUG o.h.engine.internal.TwoPhaseLoad - Done materializing entity [com.uhsarp.billrive.domain.Bill#36]
20:12:33.034 [Test worker] DEBUG o.h.engine.internal.TwoPhaseLoad - Resolving associations for [com.uhsarp.billrive.domain.BillSimpleEntry#29]
20:12:33.035 [Test worker] DEBUG o.h.engine.internal.TwoPhaseLoad - Done materializing entity [com.uhsarp.billrive.domain.BillSimpleEntry#29]
20:12:33.035 [Test worker] DEBUG o.h.e.l.i.CollectionLoadContext - 1 collections were found in result set for role: com.uhsarp.billrive.domain.Group.bills
20:12:33.035 [Test worker] DEBUG o.h.e.l.i.CollectionLoadContext - Collection fully initialized: [com.uhsarp.billrive.domain.Group.bills#3]
20:12:33.035 [Test worker] DEBUG o.h.e.l.i.CollectionLoadContext - 1 collections initialized for role: com.uhsarp.billrive.domain.Group.bills
20:12:33.035 [Test worker] DEBUG o.h.l.c.p.AbstractLoadPlanBasedCollectionInitializer - Done loading collection
20:12:33.035 [Test worker] DEBUG o.h.l.c.p.AbstractLoadPlanBasedCollectionInitializer - Loading collection: [com.uhsarp.billrive.domain.BillSimpleEntry.simpleUserIdAndLiableCost#29]
20:12:33.035 [Test worker] DEBUG org.hibernate.SQL - select simpleuser0_.billSimpleEntryId as billSimp2_6_0_, simpleuser0_.id as id1_7_0_, simpleuser0_.id as id1_7_1_, simpleuser0_.billSimpleEntryId as billSimp2_7_1_, simpleuser0_.isActive as isActive3_7_1_, simpleuser0_.liableCost as liableCo4_7_1_, simpleuser0_.liableCostDiff as liableCo5_7_1_, simpleuser0_.userId as userId6_7_1_, userbare1_.id as id1_2_2_, userbare1_.fName as fName4_2_2_, userbare1_.lName as lName5_2_2_ from simpleuseridandliablecost simpleuser0_ left outer join `user` userbare1_ on simpleuser0_.userId=userbare1_.id where simpleuser0_.billSimpleEntryId=?
20:12:33.036 [Test worker] DEBUG o.h.l.p.e.p.i.ResultSetProcessorImpl - Preparing collection intializer : [com.uhsarp.billrive.domain.BillSimpleEntry.simpleUserIdAndLiableCost#29]
20:12:33.036 [Test worker] DEBUG o.h.l.p.e.p.i.ResultSetProcessorImpl - Starting ResultSet row #0
20:12:33.036 [Test worker] DEBUG o.h.l.p.e.p.i.CollectionReferenceInitializerImpl - Found row of collection: [com.uhsarp.billrive.domain.BillSimpleEntry.simpleUserIdAndLiableCost#29]
20:12:33.036 [Test worker] DEBUG o.h.l.p.e.p.i.ResultSetProcessorImpl - Starting ResultSet row #1
20:12:33.036 [Test worker] DEBUG o.h.l.p.e.p.i.CollectionReferenceInitializerImpl - Found row of collection: [com.uhsarp.billrive.domain.BillSimpleEntry.simpleUserIdAndLiableCost#29]
20:12:33.036 [Test worker] DEBUG o.h.l.p.e.p.i.ResultSetProcessorImpl - Starting ResultSet row #2
20:12:33.036 [Test worker] DEBUG o.h.l.p.e.p.i.CollectionReferenceInitializerImpl - Found row of collection: [com.uhsarp.billrive.domain.BillSimpleEntry.simpleUserIdAndLiableCost#29]
20:12:33.036 [Test worker] DEBUG o.h.engine.internal.TwoPhaseLoad - Resolving associations for [com.uhsarp.billrive.domain.SimpleUserIdAndLiableCost#87]
20:12:33.037 [Test worker] DEBUG o.h.engine.internal.TwoPhaseLoad - Done materializing entity [com.uhsarp.billrive.domain.SimpleUserIdAndLiableCost#87]
20:12:33.037 [Test worker] DEBUG o.h.engine.internal.TwoPhaseLoad - Resolving associations for [com.uhsarp.billrive.domain.UserBare#6]
20:12:33.037 [Test worker] DEBUG o.h.engine.internal.TwoPhaseLoad - Done materializing entity [com.uhsarp.billrive.domain.UserBare#6]
20:12:33.037 [Test worker] DEBUG o.h.engine.internal.TwoPhaseLoad - Resolving associations for [com.uhsarp.billrive.domain.SimpleUserIdAndLiableCost#88]
20:12:33.037 [Test worker] DEBUG o.h.engine.internal.TwoPhaseLoad - Done materializing entity [com.uhsarp.billrive.domain.SimpleUserIdAndLiableCost#88]
20:12:33.037 [Test worker] DEBUG o.h.engine.internal.TwoPhaseLoad - Resolving associations for [com.uhsarp.billrive.domain.UserBare#7]
20:12:33.037 [Test worker] DEBUG o.h.engine.internal.TwoPhaseLoad - Done materializing entity [com.uhsarp.billrive.domain.UserBare#7]
20:12:33.037 [Test worker] DEBUG o.h.engine.internal.TwoPhaseLoad - Resolving associations for [com.uhsarp.billrive.domain.SimpleUserIdAndLiableCost#89]
20:12:33.037 [Test worker] DEBUG o.h.engine.internal.TwoPhaseLoad - Done materializing entity [com.uhsarp.billrive.domain.SimpleUserIdAndLiableCost#89]
20:12:33.037 [Test worker] DEBUG o.h.engine.internal.TwoPhaseLoad - Resolving associations for [com.uhsarp.billrive.domain.UserBare#8]
20:12:33.037 [Test worker] DEBUG o.h.engine.internal.TwoPhaseLoad - Done materializing entity [com.uhsarp.billrive.domain.UserBare#8]
20:12:33.037 [Test worker] DEBUG o.h.e.l.i.CollectionLoadContext - 1 collections were found in result set for role: com.uhsarp.billrive.domain.BillSimpleEntry.simpleUserIdAndLiableCost
20:12:33.037 [Test worker] DEBUG o.h.e.l.i.CollectionLoadContext - Collection fully initialized: [com.uhsarp.billrive.domain.BillSimpleEntry.simpleUserIdAndLiableCost#29]
20:12:33.037 [Test worker] DEBUG o.h.e.l.i.CollectionLoadContext - 1 collections initialized for role: com.uhsarp.billrive.domain.BillSimpleEntry.simpleUserIdAndLiableCost
20:12:33.038 [Test worker] DEBUG o.h.l.c.p.AbstractLoadPlanBasedCollectionInitializer - Done loading collection
20:12:33.038 [Test worker] DEBUG o.h.l.c.p.AbstractLoadPlanBasedCollectionInitializer - Loading collection: [com.uhsarp.billrive.domain.Bill.billItemEntry#36]
20:12:33.038 [Test worker] DEBUG org.hibernate.SQL - select billitemen0_.billId as billId2_4_0_, billitemen0_.id as id1_5_0_, billitemen0_.id as id1_5_1_, billitemen0_.billId as billId2_5_1_, billitemen0_.itemDescription as itemDesc3_5_1_ from billitementry billitemen0_ where billitemen0_.billId=?
20:12:33.038 [Test worker] DEBUG o.h.l.p.e.p.i.ResultSetProcessorImpl - Preparing collection intializer : [com.uhsarp.billrive.domain.Bill.billItemEntry#36]
20:12:33.038 [Test worker] DEBUG o.h.e.l.i.CollectionLoadContext - 1 collections were found in result set for role: com.uhsarp.billrive.domain.Bill.billItemEntry
20:12:33.038 [Test worker] DEBUG o.h.e.l.i.CollectionLoadContext - Collection fully initialized: [com.uhsarp.billrive.domain.Bill.billItemEntry#36]
20:12:33.038 [Test worker] DEBUG o.h.e.l.i.CollectionLoadContext - 1 collections initialized for role: com.uhsarp.billrive.domain.Bill.billItemEntry
20:12:33.038 [Test worker] DEBUG o.h.l.c.p.AbstractLoadPlanBasedCollectionInitializer - Done loading collection
20:12:33.038 [Test worker] DEBUG o.h.l.c.p.AbstractLoadPlanBasedCollectionInitializer - Loading collection: [com.uhsarp.billrive.domain.BillSimpleEntry.simpleUserIdAndLiableCost#28]
20:12:33.038 [Test worker] DEBUG org.hibernate.SQL - select simpleuser0_.billSimpleEntryId as billSimp2_6_0_, simpleuser0_.id as id1_7_0_, simpleuser0_.id as id1_7_1_, simpleuser0_.billSimpleEntryId as billSimp2_7_1_, simpleuser0_.isActive as isActive3_7_1_, simpleuser0_.liableCost as liableCo4_7_1_, simpleuser0_.liableCostDiff as liableCo5_7_1_, simpleuser0_.userId as userId6_7_1_, userbare1_.id as id1_2_2_, userbare1_.fName as fName4_2_2_, userbare1_.lName as lName5_2_2_ from simpleuseridandliablecost simpleuser0_ left outer join `user` userbare1_ on simpleuser0_.userId=userbare1_.id where simpleuser0_.billSimpleEntryId=?
20:12:33.039 [Test worker] DEBUG o.h.l.p.e.p.i.ResultSetProcessorImpl - Preparing collection intializer : [com.uhsarp.billrive.domain.BillSimpleEntry.simpleUserIdAndLiableCost#28]
20:12:33.039 [Test worker] DEBUG o.h.l.p.e.p.i.ResultSetProcessorImpl - Starting ResultSet row #0
20:12:33.039 [Test worker] DEBUG o.h.l.p.e.p.i.CollectionReferenceInitializerImpl - Found row of collection: [com.uhsarp.billrive.domain.BillSimpleEntry.simpleUserIdAndLiableCost#28]
20:12:33.039 [Test worker] DEBUG o.h.l.p.e.p.i.ResultSetProcessorImpl - Starting ResultSet row #1
20:12:33.039 [Test worker] DEBUG o.h.l.p.e.p.i.CollectionReferenceInitializerImpl - Found row of collection: [com.uhsarp.billrive.domain.BillSimpleEntry.simpleUserIdAndLiableCost#28]
20:12:33.040 [Test worker] DEBUG o.h.l.p.e.p.i.ResultSetProcessorImpl - Starting ResultSet row #2
20:12:33.040 [Test worker] DEBUG o.h.l.p.e.p.i.CollectionReferenceInitializerImpl - Found row of collection: [com.uhsarp.billrive.domain.BillSimpleEntry.simpleUserIdAndLiableCost#28]
20:12:33.040 [Test worker] DEBUG o.h.engine.internal.TwoPhaseLoad - Resolving associations for [com.uhsarp.billrive.domain.SimpleUserIdAndLiableCost#84]
20:12:33.040 [Test worker] DEBUG o.h.engine.internal.TwoPhaseLoad - Done materializing entity [com.uhsarp.billrive.domain.SimpleUserIdAndLiableCost#84]
20:12:33.040 [Test worker] DEBUG o.h.engine.internal.TwoPhaseLoad - Resolving associations for [com.uhsarp.billrive.domain.SimpleUserIdAndLiableCost#85]
20:12:33.040 [Test worker] DEBUG o.h.engine.internal.TwoPhaseLoad - Done materializing entity [com.uhsarp.billrive.domain.SimpleUserIdAndLiableCost#85]
20:12:33.040 [Test worker] DEBUG o.h.engine.internal.TwoPhaseLoad - Resolving associations for [com.uhsarp.billrive.domain.SimpleUserIdAndLiableCost#86]
20:12:33.040 [Test worker] DEBUG o.h.engine.internal.TwoPhaseLoad - Done materializing entity [com.uhsarp.billrive.domain.SimpleUserIdAndLiableCost#86]
20:12:33.040 [Test worker] DEBUG o.h.e.l.i.CollectionLoadContext - 1 collections were found in result set for role: com.uhsarp.billrive.domain.BillSimpleEntry.simpleUserIdAndLiableCost
20:12:33.040 [Test worker] DEBUG o.h.e.l.i.CollectionLoadContext - Collection fully initialized: [com.uhsarp.billrive.domain.BillSimpleEntry.simpleUserIdAndLiableCost#28]
20:12:33.040 [Test worker] DEBUG o.h.e.l.i.CollectionLoadContext - 1 collections initialized for role: com.uhsarp.billrive.domain.BillSimpleEntry.simpleUserIdAndLiableCost
20:12:33.041 [Test worker] DEBUG o.h.l.c.p.AbstractLoadPlanBasedCollectionInitializer - Done loading collection
20:12:33.041 [Test worker] DEBUG o.h.l.c.p.AbstractLoadPlanBasedCollectionInitializer - Loading collection: [com.uhsarp.billrive.domain.Bill.billItemEntry#35]
20:12:33.041 [Test worker] DEBUG org.hibernate.SQL - select billitemen0_.billId as billId2_4_0_, billitemen0_.id as id1_5_0_, billitemen0_.id as id1_5_1_, billitemen0_.billId as billId2_5_1_, billitemen0_.itemDescription as itemDesc3_5_1_ from billitementry billitemen0_ where billitemen0_.billId=?
20:12:33.041 [Test worker] DEBUG o.h.l.p.e.p.i.ResultSetProcessorImpl - Preparing collection intializer : [com.uhsarp.billrive.domain.Bill.billItemEntry#35]
20:12:33.041 [Test worker] DEBUG o.h.e.l.i.CollectionLoadContext - 1 collections were found in result set for role: com.uhsarp.billrive.domain.Bill.billItemEntry
20:12:33.041 [Test worker] DEBUG o.h.e.l.i.CollectionLoadContext - Collection fully initialized: [com.uhsarp.billrive.domain.Bill.billItemEntry#35]
20:12:33.041 [Test worker] DEBUG o.h.e.l.i.CollectionLoadContext - 1 collections initialized for role: com.uhsarp.billrive.domain.Bill.billItemEntry
20:12:33.041 [Test worker] DEBUG o.h.l.c.p.AbstractLoadPlanBasedCollectionInitializer - Done loading collection
20:12:33.041 [Test worker] DEBUG o.h.l.c.p.AbstractLoadPlanBasedCollectionInitializer - Loading collection: [com.uhsarp.billrive.domain.BillSimpleEntry.simpleUserIdAndLiableCost#23]
20:12:33.042 [Test worker] DEBUG org.hibernate.SQL - select simpleuser0_.billSimpleEntryId as billSimp2_6_0_, simpleuser0_.id as id1_7_0_, simpleuser0_.id as id1_7_1_, simpleuser0_.billSimpleEntryId as billSimp2_7_1_, simpleuser0_.isActive as isActive3_7_1_, simpleuser0_.liableCost as liableCo4_7_1_, simpleuser0_.liableCostDiff as liableCo5_7_1_, simpleuser0_.userId as userId6_7_1_, userbare1_.id as id1_2_2_, userbare1_.fName as fName4_2_2_, userbare1_.lName as lName5_2_2_ from simpleuseridandliablecost simpleuser0_ left outer join `user` userbare1_ on simpleuser0_.userId=userbare1_.id where simpleuser0_.billSimpleEntryId=?
20:12:33.042 [Test worker] DEBUG o.h.l.p.e.p.i.ResultSetProcessorImpl - Preparing collection intializer : [com.uhsarp.billrive.domain.BillSimpleEntry.simpleUserIdAndLiableCost#23]
20:12:33.042 [Test worker] DEBUG o.h.l.p.e.p.i.ResultSetProcessorImpl - Starting ResultSet row #0
20:12:33.042 [Test worker] DEBUG o.h.l.p.e.p.i.CollectionReferenceInitializerImpl - Found row of collection: [com.uhsarp.billrive.domain.BillSimpleEntry.simpleUserIdAndLiableCost#23]
20:12:33.042 [Test worker] DEBUG o.h.l.p.e.p.i.ResultSetProcessorImpl - Starting ResultSet row #1
20:12:33.043 [Test worker] DEBUG o.h.l.p.e.p.i.CollectionReferenceInitializerImpl - Found row of collection: [com.uhsarp.billrive.domain.BillSimpleEntry.simpleUserIdAndLiableCost#23]
20:12:33.043 [Test worker] DEBUG o.h.l.p.e.p.i.ResultSetProcessorImpl - Starting ResultSet row #2
20:12:33.043 [Test worker] DEBUG o.h.l.p.e.p.i.CollectionReferenceInitializerImpl - Found row of collection: [com.uhsarp.billrive.domain.BillSimpleEntry.simpleUserIdAndLiableCost#23]
20:12:33.043 [Test worker] DEBUG o.h.engine.internal.TwoPhaseLoad - Resolving associations for [com.uhsarp.billrive.domain.SimpleUserIdAndLiableCost#69]
20:12:33.043 [Test worker] DEBUG o.h.engine.internal.TwoPhaseLoad - Done materializing entity [com.uhsarp.billrive.domain.SimpleUserIdAndLiableCost#69]
20:12:33.043 [Test worker] DEBUG o.h.engine.internal.TwoPhaseLoad - Resolving associations for [com.uhsarp.billrive.domain.SimpleUserIdAndLiableCost#70]
20:12:33.043 [Test worker] DEBUG o.h.engine.internal.TwoPhaseLoad - Done materializing entity [com.uhsarp.billrive.domain.SimpleUserIdAndLiableCost#70]
20:12:33.043 [Test worker] DEBUG o.h.engine.internal.TwoPhaseLoad - Resolving associations for [com.uhsarp.billrive.domain.SimpleUserIdAndLiableCost#71]
20:12:33.043 [Test worker] DEBUG o.h.engine.internal.TwoPhaseLoad - Done materializing entity [com.uhsarp.billrive.domain.SimpleUserIdAndLiableCost#71]
20:12:33.044 [Test worker] DEBUG o.h.e.l.i.CollectionLoadContext - 1 collections were found in result set for role: com.uhsarp.billrive.domain.BillSimpleEntry.simpleUserIdAndLiableCost
20:12:33.044 [Test worker] DEBUG o.h.e.l.i.CollectionLoadContext - Collection fully initialized: [com.uhsarp.billrive.domain.BillSimpleEntry.simpleUserIdAndLiableCost#23]
20:12:33.044 [Test worker] DEBUG o.h.e.l.i.CollectionLoadContext - 1 collections initialized for role: com.uhsarp.billrive.domain.BillSimpleEntry.simpleUserIdAndLiableCost
20:12:33.044 [Test worker] DEBUG o.h.l.c.p.AbstractLoadPlanBasedCollectionInitializer - Done loading collection
20:12:33.044 [Test worker] DEBUG o.h.l.c.p.AbstractLoadPlanBasedCollectionInitializer - Loading collection: [com.uhsarp.billrive.domain.Bill.billItemEntry#30]
20:12:33.044 [Test worker] DEBUG org.hibernate.SQL - select billitemen0_.billId as billId2_4_0_, billitemen0_.id as id1_5_0_, billitemen0_.id as id1_5_1_, billitemen0_.billId as billId2_5_1_, billitemen0_.itemDescription as itemDesc3_5_1_ from billitementry billitemen0_ where billitemen0_.billId=?
20:12:33.045 [Test worker] DEBUG o.h.l.p.e.p.i.ResultSetProcessorImpl - Preparing collection intializer : [com.uhsarp.billrive.domain.Bill.billItemEntry#30]
20:12:33.045 [Test worker] DEBUG o.h.e.l.i.CollectionLoadContext - 1 collections were found in result set for role: com.uhsarp.billrive.domain.Bill.billItemEntry
20:12:33.045 [Test worker] DEBUG o.h.e.l.i.CollectionLoadContext - Collection fully initialized: [com.uhsarp.billrive.domain.Bill.billItemEntry#30]
20:12:33.045 [Test worker] DEBUG o.h.e.l.i.CollectionLoadContext - 1 collections initialized for role: com.uhsarp.billrive.domain.Bill.billItemEntry
20:12:33.045 [Test worker] DEBUG o.h.l.c.p.AbstractLoadPlanBasedCollectionInitializer - Done loading collection
20:12:33.045 [Test worker] DEBUG o.h.l.c.p.AbstractLoadPlanBasedCollectionInitializer - Loading collection: [com.uhsarp.billrive.domain.User.friends#6]
20:12:33.045 [Test worker] DEBUG org.hibernate.SQL - select friends0_.user_id as user_id1_2_0_, friends0_.friend_id as friend_i2_9_0_, friend1_.id as id1_2_1_, friend1_.email as email2_2_1_, friend1_.fName as fName4_2_1_, friend1_.lName as lName5_2_1_, friend1_.mName as mName6_2_1_, friend1_.title as title8_2_1_ from userfriendmap friends0_ inner join `user` friend1_ on friends0_.friend_id=friend1_.id where friends0_.user_id=?
20:12:33.046 [Test worker] DEBUG o.h.l.p.e.p.i.ResultSetProcessorImpl - Preparing collection intializer : [com.uhsarp.billrive.domain.User.friends#6]
20:12:33.046 [Test worker] DEBUG o.h.l.p.e.p.i.ResultSetProcessorImpl - Starting ResultSet row #0
20:12:33.046 [Test worker] DEBUG o.h.l.p.e.p.i.CollectionReferenceInitializerImpl - Found row of collection: [com.uhsarp.billrive.domain.User.friends#6]
20:12:33.046 [Test worker] DEBUG o.h.l.p.e.p.i.ResultSetProcessorImpl - Starting ResultSet row #1
20:12:33.047 [Test worker] DEBUG o.h.l.p.e.p.i.CollectionReferenceInitializerImpl - Found row of collection: [com.uhsarp.billrive.domain.User.friends#6]
20:12:33.047 [Test worker] DEBUG o.h.e.l.i.CollectionLoadContext - 1 collections were found in result set for role: com.uhsarp.billrive.domain.User.friends
20:12:33.047 [Test worker] DEBUG o.h.e.l.i.CollectionLoadContext - Collection fully initialized: [com.uhsarp.billrive.domain.User.friends#6]
20:12:33.047 [Test worker] DEBUG o.h.e.l.i.CollectionLoadContext - 1 collections initialized for role: com.uhsarp.billrive.domain.User.friends
20:12:33.047 [Test worker] DEBUG o.h.l.c.p.AbstractLoadPlanBasedCollectionInitializer - Done loading collection
20:12:33.047 [Test worker] DEBUG o.s.orm.jpa.JpaTransactionManager - Initiating transaction commit
20:12:33.047 [Test worker] DEBUG o.s.orm.jpa.JpaTransactionManager - Committing JPA transaction on EntityManager [org.hibernate.jpa.internal.EntityManagerImpl@36c7401a]
20:12:33.047 [Test worker] DEBUG o.h.e.t.spi.AbstractTransactionImpl - committing
20:12:33.047 [Test worker] DEBUG o.h.e.i.AbstractFlushingEventListener - Processing flush-time cascades
20:12:33.051 [Test worker] DEBUG o.h.e.i.AbstractFlushingEventListener - Dirty checking collections
20:12:33.052 [Test worker] DEBUG o.h.engine.internal.Collections - Collection found: [com.uhsarp.billrive.domain.User.friends#6], was: [com.uhsarp.billrive.domain.User.friends#6] (initialized)
20:12:33.052 [Test worker] DEBUG o.h.engine.internal.Collections - Collection found: [com.uhsarp.billrive.domain.User.groups#6], was: [com.uhsarp.billrive.domain.User.groups#6] (initialized)
20:12:33.052 [Test worker] DEBUG o.h.engine.internal.Collections - Collection found: [com.uhsarp.billrive.domain.Group.bills#3], was: [com.uhsarp.billrive.domain.Group.bills#3] (initialized)
20:12:33.052 [Test worker] DEBUG o.h.engine.internal.Collections - Collection found: [com.uhsarp.billrive.domain.Group.payments#3], was: [com.uhsarp.billrive.domain.Group.payments#3] (initialized)
20:12:33.052 [Test worker] DEBUG o.h.engine.internal.Collections - Collection found: [com.uhsarp.billrive.domain.Group.users#3], was: [com.uhsarp.billrive.domain.Group.users#3] (initialized)
20:12:33.052 [Test worker] DEBUG o.h.engine.internal.Collections - Collection found: [com.uhsarp.billrive.domain.Group.bills#4], was: [com.uhsarp.billrive.domain.Group.bills#4] (initialized)
20:12:33.052 [Test worker] DEBUG o.h.engine.internal.Collections - Collection found: [com.uhsarp.billrive.domain.Group.payments#4], was: [com.uhsarp.billrive.domain.Group.payments#4] (initialized)
20:12:33.052 [Test worker] DEBUG o.h.engine.internal.Collections - Collection found: [com.uhsarp.billrive.domain.Group.users#4], was: [com.uhsarp.billrive.domain.Group.users#4] (initialized)
20:12:33.053 [Test worker] DEBUG o.h.engine.internal.Collections - Collection found: [com.uhsarp.billrive.domain.Group.bills#5], was: [com.uhsarp.billrive.domain.Group.bills#5] (initialized)
20:12:33.053 [Test worker] DEBUG o.h.engine.internal.Collections - Collection found: [com.uhsarp.billrive.domain.Group.payments#5], was: [com.uhsarp.billrive.domain.Group.payments#5] (initialized)
20:12:33.053 [Test worker] DEBUG o.h.engine.internal.Collections - Collection found: [com.uhsarp.billrive.domain.Group.users#5], was: [com.uhsarp.billrive.domain.Group.users#5] (initialized)
20:12:33.053 [Test worker] DEBUG o.h.engine.internal.Collections - Collection found: [com.uhsarp.billrive.domain.Bill.billItemEntry#5], was: [com.uhsarp.billrive.domain.Bill.billItemEntry#5] (initialized)
20:12:33.053 [Test worker] DEBUG o.h.engine.internal.Collections - Collection found: [com.uhsarp.billrive.domain.BillSimpleEntry.simpleUserIdAndLiableCost#5], was: [com.uhsarp.billrive.domain.BillSimpleEntry.simpleUserIdAndLiableCost#5] (initialized)
20:12:33.054 [Test worker] DEBUG o.h.engine.internal.Collections - Collection found: [com.uhsarp.billrive.domain.Bill.billItemEntry#30], was: [com.uhsarp.billrive.domain.Bill.billItemEntry#30] (initialized)
20:12:33.054 [Test worker] DEBUG o.h.engine.internal.Collections - Collection found: [com.uhsarp.billrive.domain.BillSimpleEntry.simpleUserIdAndLiableCost#23], was: [com.uhsarp.billrive.domain.BillSimpleEntry.simpleUserIdAndLiableCost#23] (initialized)
20:12:33.054 [Test worker] DEBUG o.h.engine.internal.Collections - Collection found: [com.uhsarp.billrive.domain.Bill.billItemEntry#35], was: [com.uhsarp.billrive.domain.Bill.billItemEntry#35] (initialized)
20:12:33.054 [Test worker] DEBUG o.h.engine.internal.Collections - Collection found: [com.uhsarp.billrive.domain.BillSimpleEntry.simpleUserIdAndLiableCost#28], was: [com.uhsarp.billrive.domain.BillSimpleEntry.simpleUserIdAndLiableCost#28] (initialized)
20:12:33.054 [Test worker] DEBUG o.h.engine.internal.Collections - Collection found: [com.uhsarp.billrive.domain.Bill.billItemEntry#36], was: [com.uhsarp.billrive.domain.Bill.billItemEntry#36] (initialized)
20:12:33.055 [Test worker] DEBUG o.h.engine.internal.Collections - Collection found: [com.uhsarp.billrive.domain.BillSimpleEntry.simpleUserIdAndLiableCost#29], was: [com.uhsarp.billrive.domain.BillSimpleEntry.simpleUserIdAndLiableCost#29] (initialized)
20:12:33.055 [Test worker] DEBUG o.h.e.i.AbstractFlushingEventListener - Flushed: 0 insertions, 0 updates, 0 deletions to 30 objects
20:12:33.055 [Test worker] DEBUG o.h.e.i.AbstractFlushingEventListener - Flushed: 0 (re)creations, 0 updates, 0 removals to 19 collections
20:12:33.055 [Test worker] DEBUG o.h.internal.util.EntityPrinter - Listing entities:
20:12:33.055 [Test worker] DEBUG o.h.internal.util.EntityPrinter - com.uhsarp.billrive.domain.SimpleUserIdAndLiableCost{liableCost=300.00, isActive=true, id=71, billSimpleEntryId=23, userId=8, liableCostDiff=null, user=com.uhsarp.billrive.domain.UserBare#8}
20:12:33.055 [Test worker] DEBUG o.h.internal.util.EntityPrinter - com.uhsarp.billrive.domain.SimpleUserIdAndLiableCost{liableCost=300.00, isActive=true, id=69, billSimpleEntryId=23, userId=6, liableCostDiff=null, user=com.uhsarp.billrive.domain.UserBare#6}
20:12:33.055 [Test worker] DEBUG o.h.internal.util.EntityPrinter - com.uhsarp.billrive.domain.Payment{id=2, groupId=3, receiverId=8, payerId=7, paidAmount=25, payDate=null, notes=null}
20:12:33.056 [Test worker] DEBUG o.h.internal.util.EntityPrinter - com.uhsarp.billrive.domain.SimpleUserIdAndLiableCost{liableCost=300.00, isActive=true, id=70, billSimpleEntryId=23, userId=7, liableCostDiff=null, user=com.uhsarp.billrive.domain.UserBare#7}
20:12:33.056 [Test worker] DEBUG o.h.internal.util.EntityPrinter - com.uhsarp.billrive.domain.Payment{id=1, groupId=3, receiverId=7, payerId=6, paidAmount=50, payDate=null, notes=null}
20:12:33.056 [Test worker] DEBUG o.h.internal.util.EntityPrinter - com.uhsarp.billrive.domain.User{id=6, enabled=true, title=null, friends=[com.uhsarp.billrive.domain.Friend#7, com.uhsarp.billrive.domain.Friend#8], email=me@prashu.net, lName=Wayne, mName=null, password=null, groups=[com.uhsarp.billrive.domain.Group#3, com.uhsarp.billrive.domain.Group#4, com.uhsarp.billrive.domain.Group#5], fName=Bruce}
20:12:33.056 [Test worker] DEBUG o.h.internal.util.EntityPrinter - com.uhsarp.billrive.domain.Friend{id=6, title=null, email=me@prashu.net, lName=Wayne, mName=null, fName=Bruce}
20:12:33.056 [Test worker] DEBUG o.h.internal.util.EntityPrinter - com.uhsarp.billrive.domain.UserBare{id=6, lName=Wayne, fName=Bruce}
20:12:33.056 [Test worker] DEBUG o.h.internal.util.EntityPrinter - com.uhsarp.billrive.domain.BillSimpleEntry{id=5, itemDescription=null, simpleUserIdAndLiableCost=[]}
20:12:33.056 [Test worker] DEBUG o.h.internal.util.EntityPrinter - com.uhsarp.billrive.domain.Bill{billPayerId=6, id=5, groupId=4, title=Travel, billTotal=50.00, billItemEntry=[], billDate=2013-08-13 20:09:54.0, notes=null, billSimpleEntry=com.uhsarp.billrive.domain.BillSimpleEntry#5, billCreaterId=6}
20:12:33.056 [Test worker] DEBUG o.h.internal.util.EntityPrinter - com.uhsarp.billrive.domain.Group{isActive=true, id=5, users=[com.uhsarp.billrive.domain.Friend#6, com.uhsarp.billrive.domain.Friend#8], ownerId=6, description=null, name=Friends, payments=[], bills=[]}
20:12:33.057 [Test worker] DEBUG o.h.internal.util.EntityPrinter - com.uhsarp.billrive.domain.Group{isActive=true, id=4, users=[com.uhsarp.billrive.domain.Friend#6, com.uhsarp.billrive.domain.Friend#7], ownerId=6, description=null, name=Office-IHC, payments=[], bills=[com.uhsarp.billrive.domain.Bill#5]}
20:12:33.057 [Test worker] DEBUG o.h.internal.util.EntityPrinter - com.uhsarp.billrive.domain.Payment{id=3, groupId=3, receiverId=8, payerId=7, paidAmount=15, payDate=null, notes=null}
20:12:33.057 [Test worker] DEBUG o.h.internal.util.EntityPrinter - com.uhsarp.billrive.domain.Group{isActive=true, id=3, users=[com.uhsarp.billrive.domain.Friend#6, com.uhsarp.billrive.domain.Friend#7, com.uhsarp.billrive.domain.Friend#8], ownerId=6, description=null, name=SLC, payments=[com.uhsarp.billrive.domain.Payment#1, com.uhsarp.billrive.domain.Payment#2, com.uhsarp.billrive.domain.Payment#3], bills=[com.uhsarp.billrive.domain.Bill#30, com.uhsarp.billrive.domain.Bill#35, com.uhsarp.billrive.domain.Bill#36]}
20:12:33.057 [Test worker] DEBUG o.h.internal.util.EntityPrinter - com.uhsarp.billrive.domain.Friend{id=8, title=null, email=kkathari@gmail.com, lName=Kent, mName=null, fName=Clark}
20:12:33.057 [Test worker] DEBUG o.h.internal.util.EntityPrinter - com.uhsarp.billrive.domain.UserBare{id=8, lName=Kent, fName=Clark}
20:12:33.057 [Test worker] DEBUG o.h.internal.util.EntityPrinter - com.uhsarp.billrive.domain.Friend{id=7, title=null, email=jayanthk4u@gmail.com, lName=Parker, mName=null, fName=Peter}
20:12:33.057 [Test worker] DEBUG o.h.internal.util.EntityPrinter - com.uhsarp.billrive.domain.UserBare{id=7, lName=Parker, fName=Peter}
20:12:33.057 [Test worker] DEBUG o.h.internal.util.EntityPrinter - com.uhsarp.billrive.domain.SimpleUserIdAndLiableCost{liableCost=10.00, isActive=true, id=84, billSimpleEntryId=28, userId=6, liableCostDiff=null, user=com.uhsarp.billrive.domain.UserBare#6}
20:12:33.057 [Test worker] DEBUG o.h.internal.util.EntityPrinter - com.uhsarp.billrive.domain.BillSimpleEntry{id=23, itemDescription=null, simpleUserIdAndLiableCost=[com.uhsarp.billrive.domain.SimpleUserIdAndLiableCost#69, com.uhsarp.billrive.domain.SimpleUserIdAndLiableCost#70, com.uhsarp.billrive.domain.SimpleUserIdAndLiableCost#71]}
20:12:33.057 [Test worker] DEBUG o.h.internal.util.EntityPrinter - com.uhsarp.billrive.domain.SimpleUserIdAndLiableCost{liableCost=10.00, isActive=true, id=86, billSimpleEntryId=28, userId=8, liableCostDiff=null, user=com.uhsarp.billrive.domain.UserBare#8}
20:12:33.057 [Test worker] DEBUG o.h.internal.util.EntityPrinter - More......
20:12:33.058 [Test worker] DEBUG o.h.e.t.i.jdbc.JdbcTransaction - committed JDBC Connection
20:12:33.058 [Test worker] DEBUG o.h.e.t.i.jdbc.JdbcTransaction - re-enabling autocommit
20:12:33.058 [Test worker] DEBUG o.s.orm.jpa.JpaTransactionManager - Closing JPA EntityManager [org.hibernate.jpa.internal.EntityManagerImpl@36c7401a] after transaction
20:12:33.058 [Test worker] DEBUG o.s.o.jpa.EntityManagerFactoryUtils - Closing JPA EntityManager
20:12:33.058 [Test worker] DEBUG o.h.e.j.i.LogicalConnectionImpl - Releasing JDBC connection
20:12:33.058 [Test worker] DEBUG o.h.e.j.i.LogicalConnectionImpl - Released JDBC connection
20:12:33.059 [Test worker] DEBUG o.s.t.c.s.DirtiesContextTestExecutionListener - After test method: context [DefaultTestContext@2152960f testClass = UserDAOImplTest, testInstance = com.uhsarp.billrive.dao.framework.impl.UserDAOImplTest@34f9c3e0, testMethod = testGetUserByUserId@UserDAOImplTest, testException = [null], mergedContextConfiguration = [MergedContextConfiguration@79aac24b testClass = UserDAOImplTest, locations = '{}', classes = '{class com.uhsarp.billrive.spring.BillriveConfigTest, class com.uhsarp.billrive.spring.BillriveJPATest}', contextInitializerClasses = '[]', activeProfiles = '{}', contextLoader = 'org.springframework.test.context.support.DelegatingSmartContextLoader', parent = [null]]], class dirties context [false], class mode [null], method dirties context [false].
20:12:33.059 [Test worker] DEBUG o.s.t.c.s.DirtiesContextTestExecutionListener - After test class: context [DefaultTestContext@2152960f testClass = UserDAOImplTest, testInstance = [null], testMethod = [null], testException = [null], mergedContextConfiguration = [MergedContextConfiguration@79aac24b testClass = UserDAOImplTest, locations = '{}', classes = '{class com.uhsarp.billrive.spring.BillriveConfigTest, class com.uhsarp.billrive.spring.BillriveJPATest}', contextInitializerClasses = '[]', activeProfiles = '{}', contextLoader = 'org.springframework.test.context.support.DelegatingSmartContextLoader', parent = [null]]], dirtiesContext [false].
]]></system-out>
  <system-err><![CDATA[]]></system-err>
</testsuite>
