<?xml version="1.0" encoding="UTF-8"?>
<testsuite name="com.uhsarp.billrive.services.impl.BillServiceImplTest" tests="1" skipped="0" failures="0" errors="0" timestamp="2014-09-08T02:12:33" hostname="trisha" time="0.021">
  <properties/>
  <testcase name="testGetBillById" classname="com.uhsarp.billrive.services.impl.BillServiceImplTest" time="0.021"/>
  <system-out><![CDATA[20:12:33.060 [Test worker] DEBUG o.s.t.c.j.SpringJUnit4ClassRunner - SpringJUnit4ClassRunner constructor called with [class com.uhsarp.billrive.services.impl.BillServiceImplTest].
20:12:33.060 [Test worker] DEBUG o.s.t.c.s.AbstractDelegatingSmartContextLoader - Delegating to AnnotationConfigContextLoader to process context configuration [ContextConfigurationAttributes@2b9382eb declaringClass = 'com.uhsarp.billrive.services.impl.BillServiceImplTest', classes = '{class com.uhsarp.billrive.spring.BillriveConfigTest, class com.uhsarp.billrive.spring.BillriveJPATest}', locations = '{}', inheritLocations = true, initializers = '{}', inheritInitializers = true, name = [null], contextLoaderClass = 'org.springframework.test.context.ContextLoader'].
20:12:33.060 [Test worker] DEBUG o.s.test.context.ContextLoaderUtils - Could not find an 'annotation declaring class' for annotation type [org.springframework.test.context.ActiveProfiles] and class [com.uhsarp.billrive.services.impl.BillServiceImplTest]
20:12:33.061 [Test worker] DEBUG o.s.test.context.TestContextManager - @TestExecutionListeners is not present for class [com.uhsarp.billrive.services.impl.BillServiceImplTest]: using defaults.
20:12:33.061 [Test worker] DEBUG o.s.t.annotation.ProfileValueUtils - Retrieved @ProfileValueSourceConfiguration [null] for test class [com.uhsarp.billrive.services.impl.BillServiceImplTest]
20:12:33.061 [Test worker] DEBUG o.s.t.annotation.ProfileValueUtils - Retrieved ProfileValueSource type [class org.springframework.test.annotation.SystemProfileValueSource] for class [com.uhsarp.billrive.services.impl.BillServiceImplTest]
20:12:33.061 [Test worker] DEBUG o.s.t.annotation.ProfileValueUtils - Retrieved @ProfileValueSourceConfiguration [null] for test class [com.uhsarp.billrive.services.impl.BillServiceImplTest]
20:12:33.061 [Test worker] DEBUG o.s.t.annotation.ProfileValueUtils - Retrieved ProfileValueSource type [class org.springframework.test.annotation.SystemProfileValueSource] for class [com.uhsarp.billrive.services.impl.BillServiceImplTest]
20:12:33.061 [Test worker] DEBUG o.s.t.annotation.ProfileValueUtils - Retrieved @ProfileValueSourceConfiguration [null] for test class [com.uhsarp.billrive.services.impl.BillServiceImplTest]
20:12:33.061 [Test worker] DEBUG o.s.t.annotation.ProfileValueUtils - Retrieved ProfileValueSource type [class org.springframework.test.annotation.SystemProfileValueSource] for class [com.uhsarp.billrive.services.impl.BillServiceImplTest]
20:12:33.061 [Test worker] DEBUG o.s.t.annotation.ProfileValueUtils - Retrieved @ProfileValueSourceConfiguration [null] for test class [com.uhsarp.billrive.services.impl.BillServiceImplTest]
20:12:33.061 [Test worker] DEBUG o.s.t.annotation.ProfileValueUtils - Retrieved ProfileValueSource type [class org.springframework.test.annotation.SystemProfileValueSource] for class [com.uhsarp.billrive.services.impl.BillServiceImplTest]
20:12:33.062 [Test worker] DEBUG o.s.t.c.s.DependencyInjectionTestExecutionListener - Performing dependency injection for test context [[DefaultTestContext@617828a6 testClass = BillServiceImplTest, testInstance = com.uhsarp.billrive.services.impl.BillServiceImplTest@17b4dc48, testMethod = [null], testException = [null], mergedContextConfiguration = [MergedContextConfiguration@62ea0720 testClass = BillServiceImplTest, locations = '{}', classes = '{class com.uhsarp.billrive.spring.BillriveConfigTest, class com.uhsarp.billrive.spring.BillriveJPATest}', contextInitializerClasses = '[]', activeProfiles = '{}', contextLoader = 'org.springframework.test.context.support.DelegatingSmartContextLoader', parent = [null]]]].
20:12:33.062 [Test worker] DEBUG o.s.t.c.CacheAwareContextLoaderDelegate - Retrieved ApplicationContext from cache with key [[MergedContextConfiguration@62ea0720 testClass = BillServiceImplTest, locations = '{}', classes = '{class com.uhsarp.billrive.spring.BillriveConfigTest, class com.uhsarp.billrive.spring.BillriveJPATest}', contextInitializerClasses = '[]', activeProfiles = '{}', contextLoader = 'org.springframework.test.context.support.DelegatingSmartContextLoader', parent = [null]]].
20:12:33.064 [Test worker] DEBUG o.s.b.f.annotation.InjectionMetadata - Processing injected method of bean 'com.uhsarp.billrive.services.impl.BillServiceImplTest': AutowiredFieldElement for com.uhsarp.billrive.services.BillService com.uhsarp.billrive.services.impl.BillServiceImplTest.billService
20:12:33.065 [Test worker] DEBUG o.s.b.f.s.DefaultListableBeanFactory - Returning cached instance of singleton bean 'billService'
20:12:33.065 [Test worker] DEBUG o.s.b.f.a.AutowiredAnnotationBeanPostProcessor - Autowiring by type from bean name 'com.uhsarp.billrive.services.impl.BillServiceImplTest' to bean named 'billService'
20:12:33.065 [Test worker] DEBUG o.s.b.f.annotation.InjectionMetadata - Processing injected method of bean 'com.uhsarp.billrive.services.impl.BillServiceImplTest': AutowiredFieldElement for com.uhsarp.billrive.services.GroupService com.uhsarp.billrive.services.impl.BillServiceImplTest.groupService
20:12:33.065 [Test worker] DEBUG o.s.b.f.s.DefaultListableBeanFactory - Returning cached instance of singleton bean 'groupService'
20:12:33.066 [Test worker] DEBUG o.s.b.f.a.AutowiredAnnotationBeanPostProcessor - Autowiring by type from bean name 'com.uhsarp.billrive.services.impl.BillServiceImplTest' to bean named 'groupService'
20:12:33.066 [Test worker] DEBUG o.s.b.f.s.DefaultListableBeanFactory - Returning cached instance of singleton bean 'org.springframework.transaction.config.internalTransactionAdvisor'
getBillById
20:12:33.067 [Test worker] DEBUG o.s.b.f.s.DefaultListableBeanFactory - Returning cached instance of singleton bean 'transactionManager'
20:12:33.067 [Test worker] DEBUG o.s.orm.jpa.JpaTransactionManager - Creating new transaction with name [com.uhsarp.billrive.dao.framework.impl.BillDAOImpl.getBillByBillId]: PROPAGATION_REQUIRED,ISOLATION_DEFAULT; ''
20:12:33.067 [Test worker] DEBUG o.s.orm.jpa.JpaTransactionManager - Opened new EntityManager [org.hibernate.jpa.internal.EntityManagerImpl@11de47df] for JPA transaction
20:12:33.067 [Test worker] DEBUG o.h.e.t.spi.AbstractTransactionImpl - begin
20:12:33.067 [Test worker] DEBUG o.h.e.j.i.LogicalConnectionImpl - Obtaining JDBC connection
20:12:33.067 [Test worker] DEBUG o.s.j.d.DriverManagerDataSource - Creating new JDBC DriverManager Connection to [jdbc:mysql://localhost:3306/billrivedbtest]
20:12:33.076 [Test worker] DEBUG o.h.e.j.i.LogicalConnectionImpl - Obtained JDBC connection
20:12:33.076 [Test worker] DEBUG o.h.e.t.i.jdbc.JdbcTransaction - initial autocommit status: true
20:12:33.076 [Test worker] DEBUG o.h.e.t.i.jdbc.JdbcTransaction - disabling autocommit
20:12:33.076 [Test worker] DEBUG o.s.orm.jpa.JpaTransactionManager - Exposing JPA transaction as JDBC transaction [org.springframework.orm.jpa.vendor.HibernateJpaDialect$HibernateConnectionHandle@b9e19da]
20:12:33.077 [Test worker] DEBUG org.hibernate.SQL - select bill0_.id as id1_4_, bill0_.billCreaterId as billCrea2_4_, bill0_.billDate as billDate3_4_, bill0_.billPayerId as billPaye4_4_, bill0_.billSimpleEntryId as billSimp9_4_, bill0_.billTotal as billTota5_4_, bill0_.groupId as groupId6_4_, bill0_.notes as notes7_4_, bill0_.title as title8_4_ from bill bill0_ where bill0_.id=?
20:12:33.077 [Test worker] DEBUG org.hibernate.loader.Loader - Result set row: 0
20:12:33.077 [Test worker] DEBUG org.hibernate.loader.Loader - Result row: EntityKey[com.uhsarp.billrive.domain.Bill#5]
20:12:33.078 [Test worker] DEBUG o.h.engine.internal.TwoPhaseLoad - Resolving associations for [com.uhsarp.billrive.domain.Bill#5]
20:12:33.078 [Test worker] DEBUG org.hibernate.SQL - select billsimple0_.id as id1_6_0_, billsimple0_.itemDescription as itemDesc2_6_0_, simpleuser1_.billSimpleEntryId as billSimp2_6_1_, simpleuser1_.id as id1_7_1_, simpleuser1_.id as id1_7_2_, simpleuser1_.billSimpleEntryId as billSimp2_7_2_, simpleuser1_.isActive as isActive3_7_2_, simpleuser1_.liableCost as liableCo4_7_2_, simpleuser1_.liableCostDiff as liableCo5_7_2_, simpleuser1_.userId as userId6_7_2_, userbare2_.id as id1_2_3_, userbare2_.fName as fName4_2_3_, userbare2_.lName as lName5_2_3_ from billsimpleentry billsimple0_ left outer join simpleuseridandliablecost simpleuser1_ on billsimple0_.id=simpleuser1_.billSimpleEntryId left outer join `user` userbare2_ on simpleuser1_.userId=userbare2_.id where billsimple0_.id=?
20:12:33.078 [Test worker] DEBUG o.h.l.p.e.p.i.ResultSetProcessorImpl - Starting ResultSet row #0
20:12:33.078 [Test worker] DEBUG o.h.l.p.e.p.i.EntityReferenceInitializerImpl - On call to EntityIdentifierReaderImpl#resolve, EntityKey was already known; should only happen on root returns with an optional identifier specified
20:12:33.079 [Test worker] DEBUG o.h.l.p.e.p.i.CollectionReferenceInitializerImpl - Result set contains (possibly empty) collection: [com.uhsarp.billrive.domain.BillSimpleEntry.simpleUserIdAndLiableCost#5]
20:12:33.079 [Test worker] DEBUG o.h.engine.internal.TwoPhaseLoad - Resolving associations for [com.uhsarp.billrive.domain.BillSimpleEntry#5]
20:12:33.079 [Test worker] DEBUG o.h.engine.internal.TwoPhaseLoad - Done materializing entity [com.uhsarp.billrive.domain.BillSimpleEntry#5]
20:12:33.079 [Test worker] DEBUG o.h.e.l.i.CollectionLoadContext - 1 collections were found in result set for role: com.uhsarp.billrive.domain.BillSimpleEntry.simpleUserIdAndLiableCost
20:12:33.079 [Test worker] DEBUG o.h.e.l.i.CollectionLoadContext - Collection fully initialized: [com.uhsarp.billrive.domain.BillSimpleEntry.simpleUserIdAndLiableCost#5]
20:12:33.079 [Test worker] DEBUG o.h.e.l.i.CollectionLoadContext - 1 collections initialized for role: com.uhsarp.billrive.domain.BillSimpleEntry.simpleUserIdAndLiableCost
20:12:33.079 [Test worker] DEBUG o.h.l.e.p.AbstractLoadPlanBasedEntityLoader - Done entity load : com.uhsarp.billrive.domain.BillSimpleEntry#5
20:12:33.079 [Test worker] DEBUG o.h.engine.internal.TwoPhaseLoad - Done materializing entity [com.uhsarp.billrive.domain.Bill#5]
20:12:33.080 [Test worker] DEBUG o.h.l.c.p.AbstractLoadPlanBasedCollectionInitializer - Loading collection: [com.uhsarp.billrive.domain.Bill.billItemEntry#5]
20:12:33.080 [Test worker] DEBUG org.hibernate.SQL - select billitemen0_.billId as billId2_4_0_, billitemen0_.id as id1_5_0_, billitemen0_.id as id1_5_1_, billitemen0_.billId as billId2_5_1_, billitemen0_.itemDescription as itemDesc3_5_1_ from billitementry billitemen0_ where billitemen0_.billId=?
20:12:33.080 [Test worker] DEBUG o.h.l.p.e.p.i.ResultSetProcessorImpl - Preparing collection intializer : [com.uhsarp.billrive.domain.Bill.billItemEntry#5]
20:12:33.080 [Test worker] DEBUG o.h.e.l.i.CollectionLoadContext - 1 collections were found in result set for role: com.uhsarp.billrive.domain.Bill.billItemEntry
20:12:33.080 [Test worker] DEBUG o.h.e.l.i.CollectionLoadContext - Collection fully initialized: [com.uhsarp.billrive.domain.Bill.billItemEntry#5]
20:12:33.080 [Test worker] DEBUG o.h.e.l.i.CollectionLoadContext - 1 collections initialized for role: com.uhsarp.billrive.domain.Bill.billItemEntry
20:12:33.080 [Test worker] DEBUG o.h.l.c.p.AbstractLoadPlanBasedCollectionInitializer - Done loading collection
20:12:33.080 [Test worker] DEBUG o.s.orm.jpa.JpaTransactionManager - Initiating transaction commit
20:12:33.080 [Test worker] DEBUG o.s.orm.jpa.JpaTransactionManager - Committing JPA transaction on EntityManager [org.hibernate.jpa.internal.EntityManagerImpl@11de47df]
20:12:33.081 [Test worker] DEBUG o.h.e.t.spi.AbstractTransactionImpl - committing
20:12:33.081 [Test worker] DEBUG o.h.e.i.AbstractFlushingEventListener - Processing flush-time cascades
20:12:33.081 [Test worker] DEBUG o.h.e.i.AbstractFlushingEventListener - Dirty checking collections
20:12:33.081 [Test worker] DEBUG o.h.engine.internal.Collections - Collection found: [com.uhsarp.billrive.domain.Bill.billItemEntry#5], was: [com.uhsarp.billrive.domain.Bill.billItemEntry#5] (initialized)
20:12:33.081 [Test worker] DEBUG o.h.engine.internal.Collections - Collection found: [com.uhsarp.billrive.domain.BillSimpleEntry.simpleUserIdAndLiableCost#5], was: [com.uhsarp.billrive.domain.BillSimpleEntry.simpleUserIdAndLiableCost#5] (initialized)
20:12:33.081 [Test worker] DEBUG o.h.e.i.AbstractFlushingEventListener - Flushed: 0 insertions, 0 updates, 0 deletions to 2 objects
20:12:33.081 [Test worker] DEBUG o.h.e.i.AbstractFlushingEventListener - Flushed: 0 (re)creations, 0 updates, 0 removals to 2 collections
20:12:33.081 [Test worker] DEBUG o.h.internal.util.EntityPrinter - Listing entities:
20:12:33.081 [Test worker] DEBUG o.h.internal.util.EntityPrinter - com.uhsarp.billrive.domain.BillSimpleEntry{id=5, itemDescription=null, simpleUserIdAndLiableCost=[]}
20:12:33.081 [Test worker] DEBUG o.h.internal.util.EntityPrinter - com.uhsarp.billrive.domain.Bill{billPayerId=6, id=5, groupId=4, title=Travel, billTotal=50.00, billItemEntry=[], billDate=2013-08-13 20:09:54.0, notes=null, billSimpleEntry=com.uhsarp.billrive.domain.BillSimpleEntry#5, billCreaterId=6}
20:12:33.081 [Test worker] DEBUG o.h.e.t.i.jdbc.JdbcTransaction - committed JDBC Connection
20:12:33.082 [Test worker] DEBUG o.h.e.t.i.jdbc.JdbcTransaction - re-enabling autocommit
20:12:33.082 [Test worker] DEBUG o.s.orm.jpa.JpaTransactionManager - Closing JPA EntityManager [org.hibernate.jpa.internal.EntityManagerImpl@11de47df] after transaction
20:12:33.082 [Test worker] DEBUG o.s.o.jpa.EntityManagerFactoryUtils - Closing JPA EntityManager
20:12:33.082 [Test worker] DEBUG o.h.e.j.i.LogicalConnectionImpl - Releasing JDBC connection
20:12:33.082 [Test worker] DEBUG o.h.e.j.i.LogicalConnectionImpl - Released JDBC connection
20:12:33.082 [Test worker] DEBUG o.s.t.c.s.DirtiesContextTestExecutionListener - After test method: context [DefaultTestContext@617828a6 testClass = BillServiceImplTest, testInstance = com.uhsarp.billrive.services.impl.BillServiceImplTest@17b4dc48, testMethod = testGetBillById@BillServiceImplTest, testException = [null], mergedContextConfiguration = [MergedContextConfiguration@62ea0720 testClass = BillServiceImplTest, locations = '{}', classes = '{class com.uhsarp.billrive.spring.BillriveConfigTest, class com.uhsarp.billrive.spring.BillriveJPATest}', contextInitializerClasses = '[]', activeProfiles = '{}', contextLoader = 'org.springframework.test.context.support.DelegatingSmartContextLoader', parent = [null]]], class dirties context [false], class mode [null], method dirties context [false].
20:12:33.082 [Test worker] DEBUG o.s.t.c.s.DirtiesContextTestExecutionListener - After test class: context [DefaultTestContext@617828a6 testClass = BillServiceImplTest, testInstance = [null], testMethod = [null], testException = [null], mergedContextConfiguration = [MergedContextConfiguration@62ea0720 testClass = BillServiceImplTest, locations = '{}', classes = '{class com.uhsarp.billrive.spring.BillriveConfigTest, class com.uhsarp.billrive.spring.BillriveJPATest}', contextInitializerClasses = '[]', activeProfiles = '{}', contextLoader = 'org.springframework.test.context.support.DelegatingSmartContextLoader', parent = [null]]], dirtiesContext [false].
]]></system-out>
  <system-err><![CDATA[]]></system-err>
</testsuite>
