<?xml version="1.0" encoding="UTF-8" standalone="no"?>
<beans xmlns="http://www.springframework.org/schema/beans"
       xmlns:p="http://www.springframework.org/schema/p"
       xmlns:tx="http://www.springframework.org/schema/tx"
       xmlns:aop="http://www.springframework.org/schema/aop"
       xmlns:context="http://www.springframework.org/schema/context"
       xmlns:xsi="http://www.w3.org/2001/XMLSchema-instance"
       xsi:schemaLocation="http://www.springframework.org/schema/beans
                           http://www.springframework.org/schema/beans/spring-beans-4.0.xsd
                           http://www.springframework.org/schema/context
                           http://www.springframework.org/schema/context/spring-context-4.0.xsd
                           http://www.springframework.org/schema/tx
                           http://www.springframework.org/schema/tx/spring-tx-4.0.xsd">
	
    <mvc:annotation-driven/>
    <context:component-scan base-package="com.uhsarp.billrive.webservices.rest" />
    <context:component-scan base-package="com.uhsarp.billrive.services" />
    <context:component-scan base-package="com.uhsarp.billrive.dao" />
    <bean class="org.springframework.web.servlet.mvc.annotation.DefaultAnnotationHandlerMapping" />
    <tx:annotation-driven/>
     
    <!-- Root Context: defines shared resources visible to all other web components -->
	
    <bean id="testH2DataSource" class="org.springframework.jdbc.datasource.SimpleDriverDataSource">
        <property name="driverClass" value="org.h2.Driver"/>
        <property name="url" value="jdbc:h2:mem:test;MODE=Oracle;DB_CLOSE_DELAY=-1;DB_CLOSE_ON_EXIT=FALSE"/>
        <property name="username" value="sa"/>
        <property name="password" value=""/>
    </bean>
    
    <jdbc:initialize-database data-source="testH2DataSource" ignore-failures="DROPS">
        <jdbc:script location="classpath:billrive.sql" />
    </jdbc:initialize-database>
 
    <bean id="entityManagerFactory" 
          class="org.springframework.orm.jpa.LocalEntityManagerFactoryBean"> 
        <property name="dataSource" ref="testH2DataSource" />
        <property name="jpaVendorAdapter">
            <bean class="org.springframework.orm.jpa.vendor.HibernateJpaVendorAdapter">
                <property name="generateDdl" value="true" />
                <property name="database" value="H2" />
            </bean>
        </property>
        <property name="persistenceUnitName" value="billriveTESTPersistenceUnit" />
    </bean> 

    <!--    <bean id="entityManager" class="org.springframework.orm.jpa.support.SharedEntityManagerBean">
        <property name="entityManagerFactory" ref="entityManagerFactory"/>
    </bean>-->

    <bean class="org.springframework.orm.jpa.support.PersistenceAnnotationBeanPostProcessor" />

    <!-- Database LOB Handling -->
    <bean id="defaultLobHandler" class="org.springframework.jdbc.support.lob.DefaultLobHandler" />

    <!-- Read in DAOs from the JPA package -->
    <context:component-scan base-package="com.uhsarp.billrive.dao.framework.impl" />

    <!-- Transaction Config -->
    <bean id="transactionManager"
          class="org.springframework.orm.jpa.JpaTransactionManager"
          p:entityManagerFactory-ref="entityManagerFactory"/>
    <tx:annotation-driven/>
    
        
</beans>
